2013/03/16 17:53:16 [error] [exception.CDbException] exception 'CDbException' with message 'CDbConnection failed to open the DB connection: could not find driver' in C:\WebServers\home\dictionary.org.ua\www\framework\db\CDbConnection.php:381
Stack trace:
#0 C:\WebServers\home\dictionary.org.ua\www\framework\db\CDbConnection.php(330): CDbConnection->open()
#1 C:\WebServers\home\dictionary.org.ua\www\framework\db\CDbConnection.php(308): CDbConnection->setActive(true)
#2 C:\WebServers\home\dictionary.org.ua\www\framework\base\CModule.php(387): CDbConnection->init()
#3 C:\WebServers\home\dictionary.org.ua\www\framework\cli\commands\MigrateCommand.php(442): CModule->getComponent('db')
#4 C:\WebServers\home\dictionary.org.ua\www\framework\cli\commands\MigrateCommand.php(451): MigrateCommand->getDbConnection()
#5 C:\WebServers\home\dictionary.org.ua\www\framework\cli\commands\MigrateCommand.php(482): MigrateCommand->getMigrationHistory(-1)
#6 C:\WebServers\home\dictionary.org.ua\www\framework\cli\commands\MigrateCommand.php(84): MigrateCommand->getNewMigrations()
#7 [internal function]: MigrateCommand->actionUp(Array)
#8 C:\WebServers\home\dictionary.org.ua\www\framework\console\CConsoleCommand.php(172): ReflectionMethod->invokeArgs(Object(MigrateCommand), Array)
#9 C:\WebServers\home\dictionary.org.ua\www\framework\console\CConsoleCommandRunner.php(67): CConsoleCommand->run(Array)
#10 C:\WebServers\home\dictionary.org.ua\www\framework\console\CConsoleApplication.php(91): CConsoleCommandRunner->run(Array)
#11 C:\WebServers\home\dictionary.org.ua\www\framework\base\CApplication.php(169): CConsoleApplication->processRequest()
#12 C:\WebServers\home\dictionary.org.ua\www\framework\yiic.php(33): CApplication->run()
#13 C:\WebServers\home\dictionary.org.ua\www\protected\yiic.php(7): require_once('C:\WebServers\h...')
#14 C:\WebServers\home\dictionary.org.ua\www\protected\yiic(4): require_once('C:\WebServers\h...')
#15 {main}
---
2013/03/16 17:54:14 [error] [exception.CDbException] exception 'CDbException' with message 'CDbConnection failed to open the DB connection: could not find driver' in C:\WebServers\home\dictionary.org.ua\www\framework\db\CDbConnection.php:381
Stack trace:
#0 C:\WebServers\home\dictionary.org.ua\www\framework\db\CDbConnection.php(330): CDbConnection->open()
#1 C:\WebServers\home\dictionary.org.ua\www\framework\db\CDbConnection.php(308): CDbConnection->setActive(true)
#2 C:\WebServers\home\dictionary.org.ua\www\framework\base\CModule.php(387): CDbConnection->init()
#3 C:\WebServers\home\dictionary.org.ua\www\framework\cli\commands\MigrateCommand.php(442): CModule->getComponent('db')
#4 C:\WebServers\home\dictionary.org.ua\www\framework\cli\commands\MigrateCommand.php(451): MigrateCommand->getDbConnection()
#5 C:\WebServers\home\dictionary.org.ua\www\framework\cli\commands\MigrateCommand.php(482): MigrateCommand->getMigrationHistory(-1)
#6 C:\WebServers\home\dictionary.org.ua\www\framework\cli\commands\MigrateCommand.php(84): MigrateCommand->getNewMigrations()
#7 [internal function]: MigrateCommand->actionUp(Array)
#8 C:\WebServers\home\dictionary.org.ua\www\framework\console\CConsoleCommand.php(172): ReflectionMethod->invokeArgs(Object(MigrateCommand), Array)
#9 C:\WebServers\home\dictionary.org.ua\www\framework\console\CConsoleCommandRunner.php(67): CConsoleCommand->run(Array)
#10 C:\WebServers\home\dictionary.org.ua\www\framework\console\CConsoleApplication.php(91): CConsoleCommandRunner->run(Array)
#11 C:\WebServers\home\dictionary.org.ua\www\framework\base\CApplication.php(169): CConsoleApplication->processRequest()
#12 C:\WebServers\home\dictionary.org.ua\www\framework\yiic.php(33): CApplication->run()
#13 C:\WebServers\home\dictionary.org.ua\www\protected\yiic.php(7): require_once('C:\WebServers\h...')
#14 C:\WebServers\home\dictionary.org.ua\www\protected\yiic(4): require_once('C:\WebServers\h...')
#15 {main}
---
2013/03/16 17:56:24 [error] [exception.CDbException] exception 'CDbException' with message 'CDbConnection failed to open the DB connection: could not find driver' in C:\WebServers\home\dictionary.org.ua\www\framework\db\CDbConnection.php:381
Stack trace:
#0 C:\WebServers\home\dictionary.org.ua\www\framework\db\CDbConnection.php(330): CDbConnection->open()
#1 C:\WebServers\home\dictionary.org.ua\www\framework\db\CDbConnection.php(308): CDbConnection->setActive(true)
#2 C:\WebServers\home\dictionary.org.ua\www\framework\base\CModule.php(387): CDbConnection->init()
#3 C:\WebServers\home\dictionary.org.ua\www\framework\cli\commands\MigrateCommand.php(442): CModule->getComponent('db')
#4 C:\WebServers\home\dictionary.org.ua\www\framework\cli\commands\MigrateCommand.php(451): MigrateCommand->getDbConnection()
#5 C:\WebServers\home\dictionary.org.ua\www\framework\cli\commands\MigrateCommand.php(482): MigrateCommand->getMigrationHistory(-1)
#6 C:\WebServers\home\dictionary.org.ua\www\framework\cli\commands\MigrateCommand.php(84): MigrateCommand->getNewMigrations()
#7 [internal function]: MigrateCommand->actionUp(Array)
#8 C:\WebServers\home\dictionary.org.ua\www\framework\console\CConsoleCommand.php(172): ReflectionMethod->invokeArgs(Object(MigrateCommand), Array)
#9 C:\WebServers\home\dictionary.org.ua\www\framework\console\CConsoleCommandRunner.php(67): CConsoleCommand->run(Array)
#10 C:\WebServers\home\dictionary.org.ua\www\framework\console\CConsoleApplication.php(91): CConsoleCommandRunner->run(Array)
#11 C:\WebServers\home\dictionary.org.ua\www\framework\base\CApplication.php(169): CConsoleApplication->processRequest()
#12 C:\WebServers\home\dictionary.org.ua\www\framework\yiic.php(33): CApplication->run()
#13 C:\WebServers\home\dictionary.org.ua\www\protected\yiic.php(7): require_once('C:\WebServers\h...')
#14 C:\WebServers\home\dictionary.org.ua\www\protected\yiic(4): require_once('C:\WebServers\h...')
#15 {main}
---
2013/03/16 17:57:31 [error] [exception.CDbException] exception 'CDbException' with message 'CDbConnection failed to open the DB connection: could not find driver' in C:\WebServers\home\dictionary.org.ua\www\framework\db\CDbConnection.php:381
Stack trace:
#0 C:\WebServers\home\dictionary.org.ua\www\framework\db\CDbConnection.php(330): CDbConnection->open()
#1 C:\WebServers\home\dictionary.org.ua\www\framework\db\CDbConnection.php(308): CDbConnection->setActive(true)
#2 C:\WebServers\home\dictionary.org.ua\www\framework\base\CModule.php(387): CDbConnection->init()
#3 C:\WebServers\home\dictionary.org.ua\www\framework\cli\commands\MigrateCommand.php(442): CModule->getComponent('db')
#4 C:\WebServers\home\dictionary.org.ua\www\framework\cli\commands\MigrateCommand.php(451): MigrateCommand->getDbConnection()
#5 C:\WebServers\home\dictionary.org.ua\www\framework\cli\commands\MigrateCommand.php(482): MigrateCommand->getMigrationHistory(-1)
#6 C:\WebServers\home\dictionary.org.ua\www\framework\cli\commands\MigrateCommand.php(84): MigrateCommand->getNewMigrations()
#7 [internal function]: MigrateCommand->actionUp(Array)
#8 C:\WebServers\home\dictionary.org.ua\www\framework\console\CConsoleCommand.php(172): ReflectionMethod->invokeArgs(Object(MigrateCommand), Array)
#9 C:\WebServers\home\dictionary.org.ua\www\framework\console\CConsoleCommandRunner.php(67): CConsoleCommand->run(Array)
#10 C:\WebServers\home\dictionary.org.ua\www\framework\console\CConsoleApplication.php(91): CConsoleCommandRunner->run(Array)
#11 C:\WebServers\home\dictionary.org.ua\www\framework\base\CApplication.php(169): CConsoleApplication->processRequest()
#12 C:\WebServers\home\dictionary.org.ua\www\framework\yiic.php(33): CApplication->run()
#13 C:\WebServers\home\dictionary.org.ua\www\protected\yiic.php(7): require_once('C:\WebServers\h...')
#14 C:\WebServers\home\dictionary.org.ua\www\protected\yiic(4): require_once('C:\WebServers\h...')
#15 {main}
---
2013/03/16 17:59:59 [error] [exception.CDbException] exception 'CDbException' with message 'CDbConnection failed to open the DB connection: could not find driver' in C:\WebServers\home\dictionary.org.ua\www\framework\db\CDbConnection.php:381
Stack trace:
#0 C:\WebServers\home\dictionary.org.ua\www\framework\db\CDbConnection.php(330): CDbConnection->open()
#1 C:\WebServers\home\dictionary.org.ua\www\framework\db\CDbConnection.php(308): CDbConnection->setActive(true)
#2 C:\WebServers\home\dictionary.org.ua\www\framework\base\CModule.php(387): CDbConnection->init()
#3 C:\WebServers\home\dictionary.org.ua\www\framework\cli\commands\MigrateCommand.php(442): CModule->getComponent('db')
#4 C:\WebServers\home\dictionary.org.ua\www\framework\cli\commands\MigrateCommand.php(451): MigrateCommand->getDbConnection()
#5 C:\WebServers\home\dictionary.org.ua\www\framework\cli\commands\MigrateCommand.php(482): MigrateCommand->getMigrationHistory(-1)
#6 C:\WebServers\home\dictionary.org.ua\www\framework\cli\commands\MigrateCommand.php(84): MigrateCommand->getNewMigrations()
#7 [internal function]: MigrateCommand->actionUp(Array)
#8 C:\WebServers\home\dictionary.org.ua\www\framework\console\CConsoleCommand.php(172): ReflectionMethod->invokeArgs(Object(MigrateCommand), Array)
#9 C:\WebServers\home\dictionary.org.ua\www\framework\console\CConsoleCommandRunner.php(67): CConsoleCommand->run(Array)
#10 C:\WebServers\home\dictionary.org.ua\www\framework\console\CConsoleApplication.php(91): CConsoleCommandRunner->run(Array)
#11 C:\WebServers\home\dictionary.org.ua\www\framework\base\CApplication.php(169): CConsoleApplication->processRequest()
#12 C:\WebServers\home\dictionary.org.ua\www\framework\yiic.php(33): CApplication->run()
#13 C:\WebServers\home\dictionary.org.ua\www\protected\yiic.php(7): require_once('C:\WebServers\h...')
#14 C:\WebServers\home\dictionary.org.ua\www\protected\yiic(4): require_once('C:\WebServers\h...')
#15 {main}
---
2013/03/16 18:01:19 [error] [exception.CDbException] exception 'CDbException' with message 'CDbConnection failed to open the DB connection: could not find driver' in C:\WebServers\home\dictionary.org.ua\www\framework\db\CDbConnection.php:381
Stack trace:
#0 C:\WebServers\home\dictionary.org.ua\www\framework\db\CDbConnection.php(330): CDbConnection->open()
#1 C:\WebServers\home\dictionary.org.ua\www\framework\db\CDbConnection.php(308): CDbConnection->setActive(true)
#2 C:\WebServers\home\dictionary.org.ua\www\framework\base\CModule.php(387): CDbConnection->init()
#3 C:\WebServers\home\dictionary.org.ua\www\framework\cli\commands\MigrateCommand.php(442): CModule->getComponent('db')
#4 C:\WebServers\home\dictionary.org.ua\www\framework\cli\commands\MigrateCommand.php(451): MigrateCommand->getDbConnection()
#5 C:\WebServers\home\dictionary.org.ua\www\framework\cli\commands\MigrateCommand.php(482): MigrateCommand->getMigrationHistory(-1)
#6 C:\WebServers\home\dictionary.org.ua\www\framework\cli\commands\MigrateCommand.php(84): MigrateCommand->getNewMigrations()
#7 [internal function]: MigrateCommand->actionUp(Array)
#8 C:\WebServers\home\dictionary.org.ua\www\framework\console\CConsoleCommand.php(172): ReflectionMethod->invokeArgs(Object(MigrateCommand), Array)
#9 C:\WebServers\home\dictionary.org.ua\www\framework\console\CConsoleCommandRunner.php(67): CConsoleCommand->run(Array)
#10 C:\WebServers\home\dictionary.org.ua\www\framework\console\CConsoleApplication.php(91): CConsoleCommandRunner->run(Array)
#11 C:\WebServers\home\dictionary.org.ua\www\framework\base\CApplication.php(169): CConsoleApplication->processRequest()
#12 C:\WebServers\home\dictionary.org.ua\www\framework\yiic.php(33): CApplication->run()
#13 C:\WebServers\home\dictionary.org.ua\www\protected\yiic.php(7): require_once('C:\WebServers\h...')
#14 {main}
---
2013/03/16 18:02:09 [error] [exception.CDbException] exception 'CDbException' with message 'CDbConnection failed to open the DB connection: could not find driver' in C:\WebServers\home\dictionary.org.ua\www\framework\db\CDbConnection.php:381
Stack trace:
#0 C:\WebServers\home\dictionary.org.ua\www\framework\db\CDbConnection.php(330): CDbConnection->open()
#1 C:\WebServers\home\dictionary.org.ua\www\framework\db\CDbConnection.php(308): CDbConnection->setActive(true)
#2 C:\WebServers\home\dictionary.org.ua\www\framework\base\CModule.php(387): CDbConnection->init()
#3 C:\WebServers\home\dictionary.org.ua\www\framework\cli\commands\MigrateCommand.php(442): CModule->getComponent('db')
#4 C:\WebServers\home\dictionary.org.ua\www\framework\cli\commands\MigrateCommand.php(451): MigrateCommand->getDbConnection()
#5 C:\WebServers\home\dictionary.org.ua\www\framework\cli\commands\MigrateCommand.php(482): MigrateCommand->getMigrationHistory(-1)
#6 C:\WebServers\home\dictionary.org.ua\www\framework\cli\commands\MigrateCommand.php(84): MigrateCommand->getNewMigrations()
#7 [internal function]: MigrateCommand->actionUp(Array)
#8 C:\WebServers\home\dictionary.org.ua\www\framework\console\CConsoleCommand.php(172): ReflectionMethod->invokeArgs(Object(MigrateCommand), Array)
#9 C:\WebServers\home\dictionary.org.ua\www\framework\console\CConsoleCommandRunner.php(67): CConsoleCommand->run(Array)
#10 C:\WebServers\home\dictionary.org.ua\www\framework\console\CConsoleApplication.php(91): CConsoleCommandRunner->run(Array)
#11 C:\WebServers\home\dictionary.org.ua\www\framework\base\CApplication.php(169): CConsoleApplication->processRequest()
#12 C:\WebServers\home\dictionary.org.ua\www\framework\yiic.php(33): CApplication->run()
#13 C:\WebServers\home\dictionary.org.ua\www\protected\yiic.php(7): require_once('C:\WebServers\h...')
#14 C:\WebServers\home\dictionary.org.ua\www\protected\yiic(4): require_once('C:\WebServers\h...')
#15 {main}
---
2013/03/16 18:06:01 [error] [exception.CDbException] exception 'CDbException' with message 'CDbConnection failed to open the DB connection: could not find driver' in C:\WebServers\home\dictionary.org.ua\www\framework\db\CDbConnection.php:381
Stack trace:
#0 C:\WebServers\home\dictionary.org.ua\www\framework\db\CDbConnection.php(330): CDbConnection->open()
#1 C:\WebServers\home\dictionary.org.ua\www\framework\db\CDbConnection.php(308): CDbConnection->setActive(true)
#2 C:\WebServers\home\dictionary.org.ua\www\framework\base\CModule.php(387): CDbConnection->init()
#3 C:\WebServers\home\dictionary.org.ua\www\framework\cli\commands\MigrateCommand.php(442): CModule->getComponent('db')
#4 C:\WebServers\home\dictionary.org.ua\www\framework\cli\commands\MigrateCommand.php(451): MigrateCommand->getDbConnection()
#5 C:\WebServers\home\dictionary.org.ua\www\framework\cli\commands\MigrateCommand.php(482): MigrateCommand->getMigrationHistory(-1)
#6 C:\WebServers\home\dictionary.org.ua\www\framework\cli\commands\MigrateCommand.php(84): MigrateCommand->getNewMigrations()
#7 [internal function]: MigrateCommand->actionUp(Array)
#8 C:\WebServers\home\dictionary.org.ua\www\framework\console\CConsoleCommand.php(172): ReflectionMethod->invokeArgs(Object(MigrateCommand), Array)
#9 C:\WebServers\home\dictionary.org.ua\www\framework\console\CConsoleCommandRunner.php(67): CConsoleCommand->run(Array)
#10 C:\WebServers\home\dictionary.org.ua\www\framework\console\CConsoleApplication.php(91): CConsoleCommandRunner->run(Array)
#11 C:\WebServers\home\dictionary.org.ua\www\framework\base\CApplication.php(169): CConsoleApplication->processRequest()
#12 C:\WebServers\home\dictionary.org.ua\www\framework\yiic.php(33): CApplication->run()
#13 C:\WebServers\home\dictionary.org.ua\www\protected\yiic.php(7): require_once('C:\WebServers\h...')
#14 C:\WebServers\home\dictionary.org.ua\www\protected\yiic(4): require_once('C:\WebServers\h...')
#15 {main}
---
2013/03/16 18:07:13 [error] [exception.CDbException] exception 'CDbException' with message 'CDbConnection failed to open the DB connection: could not find driver' in C:\WebServers\home\dictionary.org.ua\www\framework\db\CDbConnection.php:381
Stack trace:
#0 C:\WebServers\home\dictionary.org.ua\www\framework\db\CDbConnection.php(330): CDbConnection->open()
#1 C:\WebServers\home\dictionary.org.ua\www\framework\db\CDbConnection.php(308): CDbConnection->setActive(true)
#2 C:\WebServers\home\dictionary.org.ua\www\framework\base\CModule.php(387): CDbConnection->init()
#3 C:\WebServers\home\dictionary.org.ua\www\framework\cli\commands\MigrateCommand.php(442): CModule->getComponent('db')
#4 C:\WebServers\home\dictionary.org.ua\www\framework\cli\commands\MigrateCommand.php(451): MigrateCommand->getDbConnection()
#5 C:\WebServers\home\dictionary.org.ua\www\framework\cli\commands\MigrateCommand.php(482): MigrateCommand->getMigrationHistory(-1)
#6 C:\WebServers\home\dictionary.org.ua\www\framework\cli\commands\MigrateCommand.php(84): MigrateCommand->getNewMigrations()
#7 [internal function]: MigrateCommand->actionUp(Array)
#8 C:\WebServers\home\dictionary.org.ua\www\framework\console\CConsoleCommand.php(172): ReflectionMethod->invokeArgs(Object(MigrateCommand), Array)
#9 C:\WebServers\home\dictionary.org.ua\www\framework\console\CConsoleCommandRunner.php(67): CConsoleCommand->run(Array)
#10 C:\WebServers\home\dictionary.org.ua\www\framework\console\CConsoleApplication.php(91): CConsoleCommandRunner->run(Array)
#11 C:\WebServers\home\dictionary.org.ua\www\framework\base\CApplication.php(169): CConsoleApplication->processRequest()
#12 C:\WebServers\home\dictionary.org.ua\www\framework\yiic.php(33): CApplication->run()
#13 C:\WebServers\home\dictionary.org.ua\www\protected\yiic.php(7): require_once('C:\WebServers\h...')
#14 C:\WebServers\home\dictionary.org.ua\www\protected\yiic(4): require_once('C:\WebServers\h...')
#15 {main}
---
2013/03/16 18:09:54 [error] [exception.CDbException] exception 'CDbException' with message 'CDbConnection failed to open the DB connection: could not find driver' in C:\WebServers\home\dictionary.org.ua\www\framework\db\CDbConnection.php:381
Stack trace:
#0 C:\WebServers\home\dictionary.org.ua\www\framework\db\CDbConnection.php(330): CDbConnection->open()
#1 C:\WebServers\home\dictionary.org.ua\www\framework\db\CDbConnection.php(308): CDbConnection->setActive(true)
#2 C:\WebServers\home\dictionary.org.ua\www\framework\base\CModule.php(387): CDbConnection->init()
#3 C:\WebServers\home\dictionary.org.ua\www\framework\cli\commands\MigrateCommand.php(442): CModule->getComponent('db')
#4 C:\WebServers\home\dictionary.org.ua\www\framework\cli\commands\MigrateCommand.php(451): MigrateCommand->getDbConnection()
#5 C:\WebServers\home\dictionary.org.ua\www\framework\cli\commands\MigrateCommand.php(482): MigrateCommand->getMigrationHistory(-1)
#6 C:\WebServers\home\dictionary.org.ua\www\framework\cli\commands\MigrateCommand.php(84): MigrateCommand->getNewMigrations()
#7 [internal function]: MigrateCommand->actionUp(Array)
#8 C:\WebServers\home\dictionary.org.ua\www\framework\console\CConsoleCommand.php(172): ReflectionMethod->invokeArgs(Object(MigrateCommand), Array)
#9 C:\WebServers\home\dictionary.org.ua\www\framework\console\CConsoleCommandRunner.php(67): CConsoleCommand->run(Array)
#10 C:\WebServers\home\dictionary.org.ua\www\framework\console\CConsoleApplication.php(91): CConsoleCommandRunner->run(Array)
#11 C:\WebServers\home\dictionary.org.ua\www\framework\base\CApplication.php(169): CConsoleApplication->processRequest()
#12 C:\WebServers\home\dictionary.org.ua\www\framework\yiic.php(33): CApplication->run()
#13 C:\WebServers\home\dictionary.org.ua\www\protected\yiic.php(7): require_once('C:\WebServers\h...')
#14 C:\WebServers\home\dictionary.org.ua\www\protected\yiic(4): require_once('C:\WebServers\h...')
#15 {main}
---
2013/03/16 18:14:10 [error] [exception.CDbException] exception 'CDbException' with message 'CDbConnection failed to open the DB connection: could not find driver' in C:\WebServers\home\dictionary.org.ua\www\framework\db\CDbConnection.php:381
Stack trace:
#0 C:\WebServers\home\dictionary.org.ua\www\framework\db\CDbConnection.php(330): CDbConnection->open()
#1 C:\WebServers\home\dictionary.org.ua\www\framework\db\CDbConnection.php(308): CDbConnection->setActive(true)
#2 C:\WebServers\home\dictionary.org.ua\www\framework\base\CModule.php(387): CDbConnection->init()
#3 C:\WebServers\home\dictionary.org.ua\www\framework\cli\commands\MigrateCommand.php(442): CModule->getComponent('db')
#4 C:\WebServers\home\dictionary.org.ua\www\framework\cli\commands\MigrateCommand.php(451): MigrateCommand->getDbConnection()
#5 C:\WebServers\home\dictionary.org.ua\www\framework\cli\commands\MigrateCommand.php(482): MigrateCommand->getMigrationHistory(-1)
#6 C:\WebServers\home\dictionary.org.ua\www\framework\cli\commands\MigrateCommand.php(84): MigrateCommand->getNewMigrations()
#7 [internal function]: MigrateCommand->actionUp(Array)
#8 C:\WebServers\home\dictionary.org.ua\www\framework\console\CConsoleCommand.php(172): ReflectionMethod->invokeArgs(Object(MigrateCommand), Array)
#9 C:\WebServers\home\dictionary.org.ua\www\framework\console\CConsoleCommandRunner.php(67): CConsoleCommand->run(Array)
#10 C:\WebServers\home\dictionary.org.ua\www\framework\console\CConsoleApplication.php(91): CConsoleCommandRunner->run(Array)
#11 C:\WebServers\home\dictionary.org.ua\www\framework\base\CApplication.php(169): CConsoleApplication->processRequest()
#12 C:\WebServers\home\dictionary.org.ua\www\framework\yiic.php(33): CApplication->run()
#13 C:\WebServers\home\dictionary.org.ua\www\protected\yiic.php(7): require_once('C:\WebServers\h...')
#14 C:\WebServers\home\dictionary.org.ua\www\protected\yiic(4): require_once('C:\WebServers\h...')
#15 {main}
---
2013/03/16 18:16:15 [error] [exception.CDbException] exception 'CDbException' with message 'CDbConnection failed to open the DB connection: could not find driver' in C:\WebServers\home\dictionary.org.ua\www\framework\db\CDbConnection.php:381
Stack trace:
#0 C:\WebServers\home\dictionary.org.ua\www\framework\db\CDbConnection.php(330): CDbConnection->open()
#1 C:\WebServers\home\dictionary.org.ua\www\framework\db\CDbConnection.php(308): CDbConnection->setActive(true)
#2 C:\WebServers\home\dictionary.org.ua\www\framework\base\CModule.php(387): CDbConnection->init()
#3 C:\WebServers\home\dictionary.org.ua\www\framework\cli\commands\MigrateCommand.php(442): CModule->getComponent('db')
#4 C:\WebServers\home\dictionary.org.ua\www\framework\cli\commands\MigrateCommand.php(451): MigrateCommand->getDbConnection()
#5 C:\WebServers\home\dictionary.org.ua\www\framework\cli\commands\MigrateCommand.php(482): MigrateCommand->getMigrationHistory(-1)
#6 C:\WebServers\home\dictionary.org.ua\www\framework\cli\commands\MigrateCommand.php(84): MigrateCommand->getNewMigrations()
#7 [internal function]: MigrateCommand->actionUp(Array)
#8 C:\WebServers\home\dictionary.org.ua\www\framework\console\CConsoleCommand.php(172): ReflectionMethod->invokeArgs(Object(MigrateCommand), Array)
#9 C:\WebServers\home\dictionary.org.ua\www\framework\console\CConsoleCommandRunner.php(67): CConsoleCommand->run(Array)
#10 C:\WebServers\home\dictionary.org.ua\www\framework\console\CConsoleApplication.php(91): CConsoleCommandRunner->run(Array)
#11 C:\WebServers\home\dictionary.org.ua\www\framework\base\CApplication.php(169): CConsoleApplication->processRequest()
#12 C:\WebServers\home\dictionary.org.ua\www\framework\yiic.php(33): CApplication->run()
#13 C:\WebServers\home\dictionary.org.ua\www\protected\yiic.php(7): require_once('C:\WebServers\h...')
#14 C:\WebServers\home\dictionary.org.ua\www\protected\yiic(4): require_once('C:\WebServers\h...')
#15 {main}
---
2013/03/16 18:27:22 [error] [exception.CDbException] exception 'CDbException' with message 'CDbConnection failed to open the DB connection: could not find driver' in C:\WebServers\home\dictionary.org.ua\www\framework\db\CDbConnection.php:381
Stack trace:
#0 C:\WebServers\home\dictionary.org.ua\www\framework\db\CDbConnection.php(330): CDbConnection->open()
#1 C:\WebServers\home\dictionary.org.ua\www\framework\db\CDbConnection.php(308): CDbConnection->setActive(true)
#2 C:\WebServers\home\dictionary.org.ua\www\framework\base\CModule.php(387): CDbConnection->init()
#3 C:\WebServers\home\dictionary.org.ua\www\framework\cli\commands\MigrateCommand.php(442): CModule->getComponent('db')
#4 C:\WebServers\home\dictionary.org.ua\www\framework\cli\commands\MigrateCommand.php(451): MigrateCommand->getDbConnection()
#5 C:\WebServers\home\dictionary.org.ua\www\framework\cli\commands\MigrateCommand.php(482): MigrateCommand->getMigrationHistory(-1)
#6 C:\WebServers\home\dictionary.org.ua\www\framework\cli\commands\MigrateCommand.php(84): MigrateCommand->getNewMigrations()
#7 [internal function]: MigrateCommand->actionUp(Array)
#8 C:\WebServers\home\dictionary.org.ua\www\framework\console\CConsoleCommand.php(172): ReflectionMethod->invokeArgs(Object(MigrateCommand), Array)
#9 C:\WebServers\home\dictionary.org.ua\www\framework\console\CConsoleCommandRunner.php(67): CConsoleCommand->run(Array)
#10 C:\WebServers\home\dictionary.org.ua\www\framework\console\CConsoleApplication.php(91): CConsoleCommandRunner->run(Array)
#11 C:\WebServers\home\dictionary.org.ua\www\framework\base\CApplication.php(169): CConsoleApplication->processRequest()
#12 C:\WebServers\home\dictionary.org.ua\www\framework\yiic.php(33): CApplication->run()
#13 C:\WebServers\home\dictionary.org.ua\www\protected\yiic.php(7): require_once('C:\WebServers\h...')
#14 {main}
---
2013/03/16 18:36:05 [error] [exception.CDbException] exception 'CDbException' with message 'CDbConnection failed to open the DB connection: could not find driver' in C:\WebServers\home\dictionary.org.ua\www\framework\db\CDbConnection.php:381
Stack trace:
#0 C:\WebServers\home\dictionary.org.ua\www\framework\db\CDbConnection.php(330): CDbConnection->open()
#1 C:\WebServers\home\dictionary.org.ua\www\framework\db\CDbConnection.php(308): CDbConnection->setActive(true)
#2 C:\WebServers\home\dictionary.org.ua\www\framework\base\CModule.php(387): CDbConnection->init()
#3 C:\WebServers\home\dictionary.org.ua\www\framework\cli\commands\MigrateCommand.php(442): CModule->getComponent('db')
#4 C:\WebServers\home\dictionary.org.ua\www\framework\cli\commands\MigrateCommand.php(451): MigrateCommand->getDbConnection()
#5 C:\WebServers\home\dictionary.org.ua\www\framework\cli\commands\MigrateCommand.php(482): MigrateCommand->getMigrationHistory(-1)
#6 C:\WebServers\home\dictionary.org.ua\www\framework\cli\commands\MigrateCommand.php(84): MigrateCommand->getNewMigrations()
#7 [internal function]: MigrateCommand->actionUp(Array)
#8 C:\WebServers\home\dictionary.org.ua\www\framework\console\CConsoleCommand.php(172): ReflectionMethod->invokeArgs(Object(MigrateCommand), Array)
#9 C:\WebServers\home\dictionary.org.ua\www\framework\console\CConsoleCommandRunner.php(67): CConsoleCommand->run(Array)
#10 C:\WebServers\home\dictionary.org.ua\www\framework\console\CConsoleApplication.php(91): CConsoleCommandRunner->run(Array)
#11 C:\WebServers\home\dictionary.org.ua\www\framework\base\CApplication.php(169): CConsoleApplication->processRequest()
#12 C:\WebServers\home\dictionary.org.ua\www\framework\yiic.php(33): CApplication->run()
#13 C:\WebServers\home\dictionary.org.ua\www\protected\yiic.php(7): require_once('C:\WebServers\h...')
#14 {main}
---
2013/03/16 18:38:26 [error] [exception.CDbException] exception 'CDbException' with message 'CDbConnection failed to open the DB connection: could not find driver' in C:\WebServers\home\dictionary.org.ua\www\framework\db\CDbConnection.php:381
Stack trace:
#0 C:\WebServers\home\dictionary.org.ua\www\framework\db\CDbConnection.php(330): CDbConnection->open()
#1 C:\WebServers\home\dictionary.org.ua\www\framework\db\CDbConnection.php(308): CDbConnection->setActive(true)
#2 C:\WebServers\home\dictionary.org.ua\www\framework\base\CModule.php(387): CDbConnection->init()
#3 C:\WebServers\home\dictionary.org.ua\www\framework\cli\commands\MigrateCommand.php(442): CModule->getComponent('db')
#4 C:\WebServers\home\dictionary.org.ua\www\framework\cli\commands\MigrateCommand.php(451): MigrateCommand->getDbConnection()
#5 C:\WebServers\home\dictionary.org.ua\www\framework\cli\commands\MigrateCommand.php(482): MigrateCommand->getMigrationHistory(-1)
#6 C:\WebServers\home\dictionary.org.ua\www\framework\cli\commands\MigrateCommand.php(84): MigrateCommand->getNewMigrations()
#7 [internal function]: MigrateCommand->actionUp(Array)
#8 C:\WebServers\home\dictionary.org.ua\www\framework\console\CConsoleCommand.php(172): ReflectionMethod->invokeArgs(Object(MigrateCommand), Array)
#9 C:\WebServers\home\dictionary.org.ua\www\framework\console\CConsoleCommandRunner.php(67): CConsoleCommand->run(Array)
#10 C:\WebServers\home\dictionary.org.ua\www\framework\console\CConsoleApplication.php(91): CConsoleCommandRunner->run(Array)
#11 C:\WebServers\home\dictionary.org.ua\www\framework\base\CApplication.php(169): CConsoleApplication->processRequest()
#12 C:\WebServers\home\dictionary.org.ua\www\framework\yiic.php(33): CApplication->run()
#13 C:\WebServers\home\dictionary.org.ua\www\protected\yiic.php(7): require_once('C:\WebServers\h...')
#14 {main}
---
2013/03/16 23:04:43 [error] [exception.CDbException] exception 'CDbException' with message 'CDbConnection failed to open the DB connection: could not find driver' in C:\WebServers\home\dictionary.org.ua\www\framework\db\CDbConnection.php:381
Stack trace:
#0 C:\WebServers\home\dictionary.org.ua\www\framework\db\CDbConnection.php(330): CDbConnection->open()
#1 C:\WebServers\home\dictionary.org.ua\www\framework\db\CDbConnection.php(308): CDbConnection->setActive(true)
#2 C:\WebServers\home\dictionary.org.ua\www\framework\base\CModule.php(387): CDbConnection->init()
#3 C:\WebServers\home\dictionary.org.ua\www\framework\cli\commands\MigrateCommand.php(442): CModule->getComponent('db')
#4 C:\WebServers\home\dictionary.org.ua\www\framework\cli\commands\MigrateCommand.php(451): MigrateCommand->getDbConnection()
#5 C:\WebServers\home\dictionary.org.ua\www\framework\cli\commands\MigrateCommand.php(482): MigrateCommand->getMigrationHistory(-1)
#6 C:\WebServers\home\dictionary.org.ua\www\framework\cli\commands\MigrateCommand.php(84): MigrateCommand->getNewMigrations()
#7 [internal function]: MigrateCommand->actionUp(Array)
#8 C:\WebServers\home\dictionary.org.ua\www\framework\console\CConsoleCommand.php(172): ReflectionMethod->invokeArgs(Object(MigrateCommand), Array)
#9 C:\WebServers\home\dictionary.org.ua\www\framework\console\CConsoleCommandRunner.php(67): CConsoleCommand->run(Array)
#10 C:\WebServers\home\dictionary.org.ua\www\framework\console\CConsoleApplication.php(91): CConsoleCommandRunner->run(Array)
#11 C:\WebServers\home\dictionary.org.ua\www\framework\base\CApplication.php(169): CConsoleApplication->processRequest()
#12 C:\WebServers\home\dictionary.org.ua\www\framework\yiic.php(33): CApplication->run()
#13 C:\WebServers\home\dictionary.org.ua\www\protected\yiic.php(7): require_once('C:\WebServers\h...')
#14 C:\WebServers\home\dictionary.org.ua\www\protected\yiic(4): require_once('C:\WebServers\h...')
#15 {main}
---
2013/03/16 23:10:28 [error] [exception.CDbException] exception 'CDbException' with message 'CDbConnection failed to open the DB connection: could not find driver' in C:\WebServers\home\dictionary.org.ua\www\framework\db\CDbConnection.php:381
Stack trace:
#0 C:\WebServers\home\dictionary.org.ua\www\framework\db\CDbConnection.php(330): CDbConnection->open()
#1 C:\WebServers\home\dictionary.org.ua\www\framework\db\CDbConnection.php(308): CDbConnection->setActive(true)
#2 C:\WebServers\home\dictionary.org.ua\www\framework\base\CModule.php(387): CDbConnection->init()
#3 C:\WebServers\home\dictionary.org.ua\www\framework\cli\commands\MigrateCommand.php(442): CModule->getComponent('db')
#4 C:\WebServers\home\dictionary.org.ua\www\framework\cli\commands\MigrateCommand.php(451): MigrateCommand->getDbConnection()
#5 C:\WebServers\home\dictionary.org.ua\www\framework\cli\commands\MigrateCommand.php(482): MigrateCommand->getMigrationHistory(-1)
#6 C:\WebServers\home\dictionary.org.ua\www\framework\cli\commands\MigrateCommand.php(84): MigrateCommand->getNewMigrations()
#7 [internal function]: MigrateCommand->actionUp(Array)
#8 C:\WebServers\home\dictionary.org.ua\www\framework\console\CConsoleCommand.php(172): ReflectionMethod->invokeArgs(Object(MigrateCommand), Array)
#9 C:\WebServers\home\dictionary.org.ua\www\framework\console\CConsoleCommandRunner.php(67): CConsoleCommand->run(Array)
#10 C:\WebServers\home\dictionary.org.ua\www\framework\console\CConsoleApplication.php(91): CConsoleCommandRunner->run(Array)
#11 C:\WebServers\home\dictionary.org.ua\www\framework\base\CApplication.php(169): CConsoleApplication->processRequest()
#12 C:\WebServers\home\dictionary.org.ua\www\framework\yiic.php(33): CApplication->run()
#13 C:\WebServers\home\dictionary.org.ua\www\protected\yiic.php(7): require_once('C:\WebServers\h...')
#14 C:\WebServers\home\dictionary.org.ua\www\protected\yiic(4): require_once('C:\WebServers\h...')
#15 {main}
---
2013/03/16 23:39:44 [error] [exception.CHttpException.404] exception 'CHttpException' with message 'The system is unable to find the requested action "dictionaries".' in Z:\home\dictionary.org.ua\www\framework\web\CController.php:483
Stack trace:
#0 Z:\home\dictionary.org.ua\www\framework\web\CController.php(270): CController->missingAction('dictionaries')
#1 Z:\home\dictionary.org.ua\www\framework\web\CWebApplication.php(282): CController->run('dictionaries')
#2 Z:\home\dictionary.org.ua\www\framework\web\CWebApplication.php(141): CWebApplication->runController('site/dictionari...')
#3 Z:\home\dictionary.org.ua\www\framework\base\CApplication.php(169): CWebApplication->processRequest()
#4 Z:\home\dictionary.org.ua\www\index.php(13): CApplication->run()
#5 {main}
REQUEST_URI=/index.php/site/dictionaries
---
2013/03/16 23:43:51 [error] [exception.CException] exception 'CException' with message 'Unrecognized locale "ua".' in Z:\home\dictionary.org.ua\www\framework\i18n\CLocale.php:104
Stack trace:
#0 Z:\home\dictionary.org.ua\www\framework\i18n\CLocale.php(64): CLocale->__construct('ua')
#1 Z:\home\dictionary.org.ua\www\framework\base\CApplication.php(390): CLocale::getInstance('ua')
#2 Z:\home\dictionary.org.ua\www\framework\YiiBase.php(591): CApplication->getLocale(NULL)
#3 Z:\home\dictionary.org.ua\www\framework\zii\widgets\CBaseListView.php(214): YiiBase::t('zii', 'Displaying {sta...', '1')
#4 Z:\home\dictionary.org.ua\www\framework\zii\widgets\CBaseListView.php(160): CBaseListView->renderSummary()
#5 [internal function]: CBaseListView->renderSection(Array)
#6 Z:\home\dictionary.org.ua\www\framework\zii\widgets\CBaseListView.php(143): preg_replace_callback('/{(\w+)}/', Array, '{summary}?{sort...')
#7 Z:\home\dictionary.org.ua\www\framework\zii\widgets\CBaseListView.php(128): CBaseListView->renderContent()
#8 Z:\home\dictionary.org.ua\www\framework\web\CBaseController.php(173): CBaseListView->run()
#9 Z:\home\dictionary.org.ua\www\protected\views\dictionaries\index.php(20): CBaseController->widget('zii.widgets.CLi...', Array)
#10 Z:\home\dictionary.org.ua\www\framework\web\CBaseController.php(126): require('Z:\home\diction...')
#11 Z:\home\dictionary.org.ua\www\framework\web\CBaseController.php(95): CBaseController->renderInternal('Z:\home\diction...', Array, true)
#12 Z:\home\dictionary.org.ua\www\framework\web\CController.php(869): CBaseController->renderFile('Z:\home\diction...', Array, true)
#13 Z:\home\dictionary.org.ua\www\framework\web\CController.php(782): CController->renderPartial('index', Array, true)
#14 Z:\home\dictionary.org.ua\www\protected\controllers\DictionariesController.php(128): CController->render('index', Array)
#15 Z:\home\dictionary.org.ua\www\framework\web\actions\CInlineAction.php(49): DictionariesController->actionIndex()
#16 Z:\home\dictionary.org.ua\www\framework\web\CController.php(308): CInlineAction->runWithParams(Array)
#17 Z:\home\dictionary.org.ua\www\framework\web\filters\CFilterChain.php(133): CController->runAction(Object(CInlineAction))
#18 Z:\home\dictionary.org.ua\www\framework\web\filters\CFilter.php(40): CFilterChain->run()
#19 Z:\home\dictionary.org.ua\www\framework\web\CController.php(1145): CFilter->filter(Object(CFilterChain))
#20 Z:\home\dictionary.org.ua\www\framework\web\filters\CInlineFilter.php(58): CController->filterAccessControl(Object(CFilterChain))
#21 Z:\home\dictionary.org.ua\www\framework\web\filters\CFilterChain.php(130): CInlineFilter->filter(Object(CFilterChain))
#22 Z:\home\dictionary.org.ua\www\framework\web\CController.php(291): CFilterChain->run()
#23 Z:\home\dictionary.org.ua\www\framework\web\CController.php(265): CController->runActionWithFilters(Object(CInlineAction), Array)
#24 Z:\home\dictionary.org.ua\www\framework\web\CWebApplication.php(282): CController->run('index')
#25 Z:\home\dictionary.org.ua\www\framework\web\CWebApplication.php(141): CWebApplication->runController('dictionaries/in...')
#26 Z:\home\dictionary.org.ua\www\framework\base\CApplication.php(169): CWebApplication->processRequest()
#27 Z:\home\dictionary.org.ua\www\index.php(13): CApplication->run()
#28 {main}
REQUEST_URI=/index.php/dictionaries/index
HTTP_REFERER=http://dictionary.org.ua/index.php/dictionaries/1
---
2013/03/17 19:43:47 [error] [exception.CHttpException.404] exception 'CHttpException' with message 'Unable to resolve the request "favicon.ico".' in Z:\home\dictionary.org.ua\www\framework\web\CWebApplication.php:286
Stack trace:
#0 Z:\home\dictionary.org.ua\www\framework\web\CWebApplication.php(141): CWebApplication->runController('favicon.ico')
#1 Z:\home\dictionary.org.ua\www\framework\base\CApplication.php(169): CWebApplication->processRequest()
#2 Z:\home\dictionary.org.ua\www\index.php(13): CApplication->run()
#3 {main}
REQUEST_URI=/favicon.ico
---
2013/03/17 19:44:05 [error] [exception.CHttpException.404] exception 'CHttpException' with message 'Unable to resolve the request "favicon.ico".' in Z:\home\dictionary.org.ua\www\framework\web\CWebApplication.php:286
Stack trace:
#0 Z:\home\dictionary.org.ua\www\framework\web\CWebApplication.php(141): CWebApplication->runController('favicon.ico')
#1 Z:\home\dictionary.org.ua\www\framework\base\CApplication.php(169): CWebApplication->processRequest()
#2 Z:\home\dictionary.org.ua\www\index.php(13): CApplication->run()
#3 {main}
REQUEST_URI=/favicon.ico
---
2013/03/17 19:44:13 [error] [exception.CHttpException.404] exception 'CHttpException' with message 'Unable to resolve the request "favicon.ico".' in Z:\home\dictionary.org.ua\www\framework\web\CWebApplication.php:286
Stack trace:
#0 Z:\home\dictionary.org.ua\www\framework\web\CWebApplication.php(141): CWebApplication->runController('favicon.ico')
#1 Z:\home\dictionary.org.ua\www\framework\base\CApplication.php(169): CWebApplication->processRequest()
#2 Z:\home\dictionary.org.ua\www\index.php(13): CApplication->run()
#3 {main}
REQUEST_URI=/favicon.ico
---
2013/03/17 19:44:17 [error] [exception.CHttpException.404] exception 'CHttpException' with message 'Unable to resolve the request "favicon.ico".' in Z:\home\dictionary.org.ua\www\framework\web\CWebApplication.php:286
Stack trace:
#0 Z:\home\dictionary.org.ua\www\framework\web\CWebApplication.php(141): CWebApplication->runController('favicon.ico')
#1 Z:\home\dictionary.org.ua\www\framework\base\CApplication.php(169): CWebApplication->processRequest()
#2 Z:\home\dictionary.org.ua\www\index.php(13): CApplication->run()
#3 {main}
REQUEST_URI=/favicon.ico
---
2013/03/17 19:44:29 [error] [exception.CHttpException.404] exception 'CHttpException' with message 'Unable to resolve the request "favicon.ico".' in Z:\home\dictionary.org.ua\www\framework\web\CWebApplication.php:286
Stack trace:
#0 Z:\home\dictionary.org.ua\www\framework\web\CWebApplication.php(141): CWebApplication->runController('favicon.ico')
#1 Z:\home\dictionary.org.ua\www\framework\base\CApplication.php(169): CWebApplication->processRequest()
#2 Z:\home\dictionary.org.ua\www\index.php(13): CApplication->run()
#3 {main}
REQUEST_URI=/favicon.ico
---
2013/03/17 19:44:35 [error] [exception.CHttpException.404] exception 'CHttpException' with message 'Unable to resolve the request "favicon.ico".' in Z:\home\dictionary.org.ua\www\framework\web\CWebApplication.php:286
Stack trace:
#0 Z:\home\dictionary.org.ua\www\framework\web\CWebApplication.php(141): CWebApplication->runController('favicon.ico')
#1 Z:\home\dictionary.org.ua\www\framework\base\CApplication.php(169): CWebApplication->processRequest()
#2 Z:\home\dictionary.org.ua\www\index.php(13): CApplication->run()
#3 {main}
REQUEST_URI=/favicon.ico
---
2013/03/17 20:34:51 [error] [exception.CHttpException.404] exception 'CHttpException' with message 'Unable to resolve the request "favicon.ico".' in Z:\home\dictionary.org.ua\www\framework\web\CWebApplication.php:286
Stack trace:
#0 Z:\home\dictionary.org.ua\www\framework\web\CWebApplication.php(141): CWebApplication->runController('favicon.ico')
#1 Z:\home\dictionary.org.ua\www\framework\base\CApplication.php(169): CWebApplication->processRequest()
#2 Z:\home\dictionary.org.ua\www\index.php(13): CApplication->run()
#3 {main}
REQUEST_URI=/favicon.ico
---
2013/03/17 20:50:00 [error] [exception.CHttpException.404] exception 'CHttpException' with message 'Unable to resolve the request "favicon.ico".' in Z:\home\dictionary.org.ua\www\framework\web\CWebApplication.php:286
Stack trace:
#0 Z:\home\dictionary.org.ua\www\framework\web\CWebApplication.php(141): CWebApplication->runController('favicon.ico')
#1 Z:\home\dictionary.org.ua\www\framework\base\CApplication.php(169): CWebApplication->processRequest()
#2 Z:\home\dictionary.org.ua\www\index.php(13): CApplication->run()
#3 {main}
REQUEST_URI=/favicon.ico
---
2013/03/17 20:50:10 [error] [exception.CHttpException.404] exception 'CHttpException' with message 'Unable to resolve the request "favicon.ico".' in Z:\home\dictionary.org.ua\www\framework\web\CWebApplication.php:286
Stack trace:
#0 Z:\home\dictionary.org.ua\www\framework\web\CWebApplication.php(141): CWebApplication->runController('favicon.ico')
#1 Z:\home\dictionary.org.ua\www\framework\base\CApplication.php(169): CWebApplication->processRequest()
#2 Z:\home\dictionary.org.ua\www\index.php(13): CApplication->run()
#3 {main}
REQUEST_URI=/favicon.ico
---
2013/03/17 20:50:15 [error] [exception.CHttpException.404] exception 'CHttpException' with message 'Unable to resolve the request "favicon.ico".' in Z:\home\dictionary.org.ua\www\framework\web\CWebApplication.php:286
Stack trace:
#0 Z:\home\dictionary.org.ua\www\framework\web\CWebApplication.php(141): CWebApplication->runController('favicon.ico')
#1 Z:\home\dictionary.org.ua\www\framework\base\CApplication.php(169): CWebApplication->processRequest()
#2 Z:\home\dictionary.org.ua\www\index.php(13): CApplication->run()
#3 {main}
REQUEST_URI=/favicon.ico
---
2013/03/17 20:50:26 [error] [exception.CHttpException.404] exception 'CHttpException' with message 'Unable to resolve the request "favicon.ico".' in Z:\home\dictionary.org.ua\www\framework\web\CWebApplication.php:286
Stack trace:
#0 Z:\home\dictionary.org.ua\www\framework\web\CWebApplication.php(141): CWebApplication->runController('favicon.ico')
#1 Z:\home\dictionary.org.ua\www\framework\base\CApplication.php(169): CWebApplication->processRequest()
#2 Z:\home\dictionary.org.ua\www\index.php(13): CApplication->run()
#3 {main}
REQUEST_URI=/favicon.ico
---
2013/03/17 20:52:04 [error] [exception.CHttpException.404] exception 'CHttpException' with message 'Unable to resolve the request "favicon.ico".' in Z:\home\dictionary.org.ua\www\framework\web\CWebApplication.php:286
Stack trace:
#0 Z:\home\dictionary.org.ua\www\framework\web\CWebApplication.php(141): CWebApplication->runController('favicon.ico')
#1 Z:\home\dictionary.org.ua\www\framework\base\CApplication.php(169): CWebApplication->processRequest()
#2 Z:\home\dictionary.org.ua\www\index.php(13): CApplication->run()
#3 {main}
REQUEST_URI=/favicon.ico
---
2013/03/17 20:53:13 [error] [exception.CHttpException.404] exception 'CHttpException' with message 'Unable to resolve the request "favicon.ico".' in Z:\home\dictionary.org.ua\www\framework\web\CWebApplication.php:286
Stack trace:
#0 Z:\home\dictionary.org.ua\www\framework\web\CWebApplication.php(141): CWebApplication->runController('favicon.ico')
#1 Z:\home\dictionary.org.ua\www\framework\base\CApplication.php(169): CWebApplication->processRequest()
#2 Z:\home\dictionary.org.ua\www\index.php(13): CApplication->run()
#3 {main}
REQUEST_URI=/favicon.ico
---
2013/03/17 20:53:19 [error] [exception.CHttpException.404] exception 'CHttpException' with message 'Unable to resolve the request "favicon.ico".' in Z:\home\dictionary.org.ua\www\framework\web\CWebApplication.php:286
Stack trace:
#0 Z:\home\dictionary.org.ua\www\framework\web\CWebApplication.php(141): CWebApplication->runController('favicon.ico')
#1 Z:\home\dictionary.org.ua\www\framework\base\CApplication.php(169): CWebApplication->processRequest()
#2 Z:\home\dictionary.org.ua\www\index.php(13): CApplication->run()
#3 {main}
REQUEST_URI=/favicon.ico
---
2013/03/17 20:53:37 [error] [exception.CHttpException.404] exception 'CHttpException' with message 'Unable to resolve the request "favicon.ico".' in Z:\home\dictionary.org.ua\www\framework\web\CWebApplication.php:286
Stack trace:
#0 Z:\home\dictionary.org.ua\www\framework\web\CWebApplication.php(141): CWebApplication->runController('favicon.ico')
#1 Z:\home\dictionary.org.ua\www\framework\base\CApplication.php(169): CWebApplication->processRequest()
#2 Z:\home\dictionary.org.ua\www\index.php(13): CApplication->run()
#3 {main}
REQUEST_URI=/favicon.ico
---
2013/03/17 20:54:56 [error] [exception.CHttpException.404] exception 'CHttpException' with message 'Unable to resolve the request "favicon.ico".' in Z:\home\dictionary.org.ua\www\framework\web\CWebApplication.php:286
Stack trace:
#0 Z:\home\dictionary.org.ua\www\framework\web\CWebApplication.php(141): CWebApplication->runController('favicon.ico')
#1 Z:\home\dictionary.org.ua\www\framework\base\CApplication.php(169): CWebApplication->processRequest()
#2 Z:\home\dictionary.org.ua\www\index.php(13): CApplication->run()
#3 {main}
REQUEST_URI=/favicon.ico
---
2013/03/17 20:57:51 [error] [exception.CHttpException.404] exception 'CHttpException' with message 'Unable to resolve the request "favicon.ico".' in Z:\home\dictionary.org.ua\www\framework\web\CWebApplication.php:286
Stack trace:
#0 Z:\home\dictionary.org.ua\www\framework\web\CWebApplication.php(141): CWebApplication->runController('favicon.ico')
#1 Z:\home\dictionary.org.ua\www\framework\base\CApplication.php(169): CWebApplication->processRequest()
#2 Z:\home\dictionary.org.ua\www\index.php(13): CApplication->run()
#3 {main}
REQUEST_URI=/favicon.ico
---
2013/03/17 20:58:50 [error] [exception.CHttpException.404] exception 'CHttpException' with message 'Unable to resolve the request "favicon.ico".' in Z:\home\dictionary.org.ua\www\framework\web\CWebApplication.php:286
Stack trace:
#0 Z:\home\dictionary.org.ua\www\framework\web\CWebApplication.php(141): CWebApplication->runController('favicon.ico')
#1 Z:\home\dictionary.org.ua\www\framework\base\CApplication.php(169): CWebApplication->processRequest()
#2 Z:\home\dictionary.org.ua\www\index.php(13): CApplication->run()
#3 {main}
REQUEST_URI=/favicon.ico
---
2013/03/17 20:59:53 [error] [exception.CHttpException.404] exception 'CHttpException' with message 'Unable to resolve the request "favicon.ico".' in Z:\home\dictionary.org.ua\www\framework\web\CWebApplication.php:286
Stack trace:
#0 Z:\home\dictionary.org.ua\www\framework\web\CWebApplication.php(141): CWebApplication->runController('favicon.ico')
#1 Z:\home\dictionary.org.ua\www\framework\base\CApplication.php(169): CWebApplication->processRequest()
#2 Z:\home\dictionary.org.ua\www\index.php(13): CApplication->run()
#3 {main}
REQUEST_URI=/favicon.ico
---
2013/03/17 21:00:15 [error] [exception.CHttpException.404] exception 'CHttpException' with message 'Unable to resolve the request "favicon.ico".' in Z:\home\dictionary.org.ua\www\framework\web\CWebApplication.php:286
Stack trace:
#0 Z:\home\dictionary.org.ua\www\framework\web\CWebApplication.php(141): CWebApplication->runController('favicon.ico')
#1 Z:\home\dictionary.org.ua\www\framework\base\CApplication.php(169): CWebApplication->processRequest()
#2 Z:\home\dictionary.org.ua\www\index.php(13): CApplication->run()
#3 {main}
REQUEST_URI=/favicon.ico
---
2013/03/17 21:04:15 [error] [exception.CHttpException.404] exception 'CHttpException' with message 'Unable to resolve the request "favicon.ico".' in Z:\home\dictionary.org.ua\www\framework\web\CWebApplication.php:286
Stack trace:
#0 Z:\home\dictionary.org.ua\www\framework\web\CWebApplication.php(141): CWebApplication->runController('favicon.ico')
#1 Z:\home\dictionary.org.ua\www\framework\base\CApplication.php(169): CWebApplication->processRequest()
#2 Z:\home\dictionary.org.ua\www\index.php(13): CApplication->run()
#3 {main}
REQUEST_URI=/favicon.ico
---
2013/03/17 21:07:11 [error] [exception.CHttpException.404] exception 'CHttpException' with message 'Unable to resolve the request "favicon.ico".' in Z:\home\dictionary.org.ua\www\framework\web\CWebApplication.php:286
Stack trace:
#0 Z:\home\dictionary.org.ua\www\framework\web\CWebApplication.php(141): CWebApplication->runController('favicon.ico')
#1 Z:\home\dictionary.org.ua\www\framework\base\CApplication.php(169): CWebApplication->processRequest()
#2 Z:\home\dictionary.org.ua\www\index.php(13): CApplication->run()
#3 {main}
REQUEST_URI=/favicon.ico
---
2013/03/17 21:07:37 [error] [exception.CHttpException.404] exception 'CHttpException' with message 'Unable to resolve the request "favicon.ico".' in Z:\home\dictionary.org.ua\www\framework\web\CWebApplication.php:286
Stack trace:
#0 Z:\home\dictionary.org.ua\www\framework\web\CWebApplication.php(141): CWebApplication->runController('favicon.ico')
#1 Z:\home\dictionary.org.ua\www\framework\base\CApplication.php(169): CWebApplication->processRequest()
#2 Z:\home\dictionary.org.ua\www\index.php(13): CApplication->run()
#3 {main}
REQUEST_URI=/favicon.ico
---
2013/03/17 21:09:45 [error] [exception.CHttpException.404] exception 'CHttpException' with message 'Unable to resolve the request "favicon.ico".' in Z:\home\dictionary.org.ua\www\framework\web\CWebApplication.php:286
Stack trace:
#0 Z:\home\dictionary.org.ua\www\framework\web\CWebApplication.php(141): CWebApplication->runController('favicon.ico')
#1 Z:\home\dictionary.org.ua\www\framework\base\CApplication.php(169): CWebApplication->processRequest()
#2 Z:\home\dictionary.org.ua\www\index.php(13): CApplication->run()
#3 {main}
REQUEST_URI=/favicon.ico
---
2013/03/17 21:15:00 [error] [exception.CHttpException.404] exception 'CHttpException' with message 'Unable to resolve the request "favicon.ico".' in Z:\home\dictionary.org.ua\www\framework\web\CWebApplication.php:286
Stack trace:
#0 Z:\home\dictionary.org.ua\www\framework\web\CWebApplication.php(141): CWebApplication->runController('favicon.ico')
#1 Z:\home\dictionary.org.ua\www\framework\base\CApplication.php(169): CWebApplication->processRequest()
#2 Z:\home\dictionary.org.ua\www\index.php(13): CApplication->run()
#3 {main}
REQUEST_URI=/favicon.ico
---
2013/03/17 21:16:56 [error] [exception.CHttpException.404] exception 'CHttpException' with message 'Unable to resolve the request "favicon.ico".' in Z:\home\dictionary.org.ua\www\framework\web\CWebApplication.php:286
Stack trace:
#0 Z:\home\dictionary.org.ua\www\framework\web\CWebApplication.php(141): CWebApplication->runController('favicon.ico')
#1 Z:\home\dictionary.org.ua\www\framework\base\CApplication.php(169): CWebApplication->processRequest()
#2 Z:\home\dictionary.org.ua\www\index.php(13): CApplication->run()
#3 {main}
REQUEST_URI=/favicon.ico
---
2013/03/17 21:18:27 [error] [exception.CHttpException.404] exception 'CHttpException' with message 'Unable to resolve the request "favicon.ico".' in Z:\home\dictionary.org.ua\www\framework\web\CWebApplication.php:286
Stack trace:
#0 Z:\home\dictionary.org.ua\www\framework\web\CWebApplication.php(141): CWebApplication->runController('favicon.ico')
#1 Z:\home\dictionary.org.ua\www\framework\base\CApplication.php(169): CWebApplication->processRequest()
#2 Z:\home\dictionary.org.ua\www\index.php(13): CApplication->run()
#3 {main}
REQUEST_URI=/favicon.ico
---
2013/03/17 21:20:02 [error] [exception.CHttpException.404] exception 'CHttpException' with message 'Unable to resolve the request "favicon.ico".' in Z:\home\dictionary.org.ua\www\framework\web\CWebApplication.php:286
Stack trace:
#0 Z:\home\dictionary.org.ua\www\framework\web\CWebApplication.php(141): CWebApplication->runController('favicon.ico')
#1 Z:\home\dictionary.org.ua\www\framework\base\CApplication.php(169): CWebApplication->processRequest()
#2 Z:\home\dictionary.org.ua\www\index.php(13): CApplication->run()
#3 {main}
REQUEST_URI=/favicon.ico
---
2013/03/17 21:21:50 [error] [exception.CHttpException.404] exception 'CHttpException' with message 'Unable to resolve the request "favicon.ico".' in Z:\home\dictionary.org.ua\www\framework\web\CWebApplication.php:286
Stack trace:
#0 Z:\home\dictionary.org.ua\www\framework\web\CWebApplication.php(141): CWebApplication->runController('favicon.ico')
#1 Z:\home\dictionary.org.ua\www\framework\base\CApplication.php(169): CWebApplication->processRequest()
#2 Z:\home\dictionary.org.ua\www\index.php(13): CApplication->run()
#3 {main}
REQUEST_URI=/favicon.ico
---
2013/03/17 21:25:06 [error] [exception.CHttpException.404] exception 'CHttpException' with message 'Unable to resolve the request "favicon.ico".' in Z:\home\dictionary.org.ua\www\framework\web\CWebApplication.php:286
Stack trace:
#0 Z:\home\dictionary.org.ua\www\framework\web\CWebApplication.php(141): CWebApplication->runController('favicon.ico')
#1 Z:\home\dictionary.org.ua\www\framework\base\CApplication.php(169): CWebApplication->processRequest()
#2 Z:\home\dictionary.org.ua\www\index.php(13): CApplication->run()
#3 {main}
REQUEST_URI=/favicon.ico
---
2013/03/17 21:25:45 [error] [exception.CHttpException.404] exception 'CHttpException' with message 'Unable to resolve the request "favicon.ico".' in Z:\home\dictionary.org.ua\www\framework\web\CWebApplication.php:286
Stack trace:
#0 Z:\home\dictionary.org.ua\www\framework\web\CWebApplication.php(141): CWebApplication->runController('favicon.ico')
#1 Z:\home\dictionary.org.ua\www\framework\base\CApplication.php(169): CWebApplication->processRequest()
#2 Z:\home\dictionary.org.ua\www\index.php(13): CApplication->run()
#3 {main}
REQUEST_URI=/favicon.ico
---
2013/03/17 21:25:51 [error] [exception.CHttpException.404] exception 'CHttpException' with message 'Unable to resolve the request "favicon.ico".' in Z:\home\dictionary.org.ua\www\framework\web\CWebApplication.php:286
Stack trace:
#0 Z:\home\dictionary.org.ua\www\framework\web\CWebApplication.php(141): CWebApplication->runController('favicon.ico')
#1 Z:\home\dictionary.org.ua\www\framework\base\CApplication.php(169): CWebApplication->processRequest()
#2 Z:\home\dictionary.org.ua\www\index.php(13): CApplication->run()
#3 {main}
REQUEST_URI=/favicon.ico
---
2013/03/17 21:25:57 [error] [exception.CHttpException.404] exception 'CHttpException' with message 'Unable to resolve the request "favicon.ico".' in Z:\home\dictionary.org.ua\www\framework\web\CWebApplication.php:286
Stack trace:
#0 Z:\home\dictionary.org.ua\www\framework\web\CWebApplication.php(141): CWebApplication->runController('favicon.ico')
#1 Z:\home\dictionary.org.ua\www\framework\base\CApplication.php(169): CWebApplication->processRequest()
#2 Z:\home\dictionary.org.ua\www\index.php(13): CApplication->run()
#3 {main}
REQUEST_URI=/favicon.ico
---
2013/03/17 21:26:05 [error] [exception.CHttpException.404] exception 'CHttpException' with message 'Unable to resolve the request "favicon.ico".' in Z:\home\dictionary.org.ua\www\framework\web\CWebApplication.php:286
Stack trace:
#0 Z:\home\dictionary.org.ua\www\framework\web\CWebApplication.php(141): CWebApplication->runController('favicon.ico')
#1 Z:\home\dictionary.org.ua\www\framework\base\CApplication.php(169): CWebApplication->processRequest()
#2 Z:\home\dictionary.org.ua\www\index.php(13): CApplication->run()
#3 {main}
REQUEST_URI=/favicon.ico
---
2013/03/17 21:27:07 [error] [exception.CHttpException.404] exception 'CHttpException' with message 'Unable to resolve the request "favicon.ico".' in Z:\home\dictionary.org.ua\www\framework\web\CWebApplication.php:286
Stack trace:
#0 Z:\home\dictionary.org.ua\www\framework\web\CWebApplication.php(141): CWebApplication->runController('favicon.ico')
#1 Z:\home\dictionary.org.ua\www\framework\base\CApplication.php(169): CWebApplication->processRequest()
#2 Z:\home\dictionary.org.ua\www\index.php(13): CApplication->run()
#3 {main}
REQUEST_URI=/favicon.ico
---
2013/03/17 21:27:52 [error] [exception.CHttpException.404] exception 'CHttpException' with message 'Unable to resolve the request "favicon.ico".' in Z:\home\dictionary.org.ua\www\framework\web\CWebApplication.php:286
Stack trace:
#0 Z:\home\dictionary.org.ua\www\framework\web\CWebApplication.php(141): CWebApplication->runController('favicon.ico')
#1 Z:\home\dictionary.org.ua\www\framework\base\CApplication.php(169): CWebApplication->processRequest()
#2 Z:\home\dictionary.org.ua\www\index.php(13): CApplication->run()
#3 {main}
REQUEST_URI=/favicon.ico
---
2013/03/17 21:30:39 [error] [exception.CHttpException.404] exception 'CHttpException' with message 'Unable to resolve the request "favicon.ico".' in Z:\home\dictionary.org.ua\www\framework\web\CWebApplication.php:286
Stack trace:
#0 Z:\home\dictionary.org.ua\www\framework\web\CWebApplication.php(141): CWebApplication->runController('favicon.ico')
#1 Z:\home\dictionary.org.ua\www\framework\base\CApplication.php(169): CWebApplication->processRequest()
#2 Z:\home\dictionary.org.ua\www\index.php(13): CApplication->run()
#3 {main}
REQUEST_URI=/favicon.ico
---
2013/03/17 21:32:18 [error] [exception.CHttpException.404] exception 'CHttpException' with message 'Unable to resolve the request "favicon.ico".' in Z:\home\dictionary.org.ua\www\framework\web\CWebApplication.php:286
Stack trace:
#0 Z:\home\dictionary.org.ua\www\framework\web\CWebApplication.php(141): CWebApplication->runController('favicon.ico')
#1 Z:\home\dictionary.org.ua\www\framework\base\CApplication.php(169): CWebApplication->processRequest()
#2 Z:\home\dictionary.org.ua\www\index.php(13): CApplication->run()
#3 {main}
REQUEST_URI=/favicon.ico
---
2013/03/17 21:34:10 [error] [exception.CHttpException.404] exception 'CHttpException' with message 'Unable to resolve the request "favicon.ico".' in Z:\home\dictionary.org.ua\www\framework\web\CWebApplication.php:286
Stack trace:
#0 Z:\home\dictionary.org.ua\www\framework\web\CWebApplication.php(141): CWebApplication->runController('favicon.ico')
#1 Z:\home\dictionary.org.ua\www\framework\base\CApplication.php(169): CWebApplication->processRequest()
#2 Z:\home\dictionary.org.ua\www\index.php(13): CApplication->run()
#3 {main}
REQUEST_URI=/favicon.ico
---
2013/03/17 21:35:28 [error] [exception.CHttpException.404] exception 'CHttpException' with message 'Unable to resolve the request "favicon.ico".' in Z:\home\dictionary.org.ua\www\framework\web\CWebApplication.php:286
Stack trace:
#0 Z:\home\dictionary.org.ua\www\framework\web\CWebApplication.php(141): CWebApplication->runController('favicon.ico')
#1 Z:\home\dictionary.org.ua\www\framework\base\CApplication.php(169): CWebApplication->processRequest()
#2 Z:\home\dictionary.org.ua\www\index.php(13): CApplication->run()
#3 {main}
REQUEST_URI=/favicon.ico
---
2013/03/17 21:39:17 [error] [exception.CHttpException.404] exception 'CHttpException' with message 'Unable to resolve the request "favicon.ico".' in Z:\home\dictionary.org.ua\www\framework\web\CWebApplication.php:286
Stack trace:
#0 Z:\home\dictionary.org.ua\www\framework\web\CWebApplication.php(141): CWebApplication->runController('favicon.ico')
#1 Z:\home\dictionary.org.ua\www\framework\base\CApplication.php(169): CWebApplication->processRequest()
#2 Z:\home\dictionary.org.ua\www\index.php(13): CApplication->run()
#3 {main}
REQUEST_URI=/favicon.ico
---
2013/03/17 21:42:14 [error] [exception.CHttpException.404] exception 'CHttpException' with message 'Unable to resolve the request "favicon.ico".' in Z:\home\dictionary.org.ua\www\framework\web\CWebApplication.php:286
Stack trace:
#0 Z:\home\dictionary.org.ua\www\framework\web\CWebApplication.php(141): CWebApplication->runController('favicon.ico')
#1 Z:\home\dictionary.org.ua\www\framework\base\CApplication.php(169): CWebApplication->processRequest()
#2 Z:\home\dictionary.org.ua\www\index.php(13): CApplication->run()
#3 {main}
REQUEST_URI=/favicon.ico
---
2013/03/17 21:46:19 [error] [exception.CHttpException.404] exception 'CHttpException' with message 'Unable to resolve the request "favicon.ico".' in Z:\home\dictionary.org.ua\www\framework\web\CWebApplication.php:286
Stack trace:
#0 Z:\home\dictionary.org.ua\www\framework\web\CWebApplication.php(141): CWebApplication->runController('favicon.ico')
#1 Z:\home\dictionary.org.ua\www\framework\base\CApplication.php(169): CWebApplication->processRequest()
#2 Z:\home\dictionary.org.ua\www\index.php(13): CApplication->run()
#3 {main}
REQUEST_URI=/favicon.ico
---
2013/03/17 21:46:24 [error] [exception.CHttpException.404] exception 'CHttpException' with message 'Unable to resolve the request "favicon.ico".' in Z:\home\dictionary.org.ua\www\framework\web\CWebApplication.php:286
Stack trace:
#0 Z:\home\dictionary.org.ua\www\framework\web\CWebApplication.php(141): CWebApplication->runController('favicon.ico')
#1 Z:\home\dictionary.org.ua\www\framework\base\CApplication.php(169): CWebApplication->processRequest()
#2 Z:\home\dictionary.org.ua\www\index.php(13): CApplication->run()
#3 {main}
REQUEST_URI=/favicon.ico
---
2013/03/17 21:49:22 [error] [exception.CHttpException.404] exception 'CHttpException' with message 'Unable to resolve the request "favicon.ico".' in Z:\home\dictionary.org.ua\www\framework\web\CWebApplication.php:286
Stack trace:
#0 Z:\home\dictionary.org.ua\www\framework\web\CWebApplication.php(141): CWebApplication->runController('favicon.ico')
#1 Z:\home\dictionary.org.ua\www\framework\base\CApplication.php(169): CWebApplication->processRequest()
#2 Z:\home\dictionary.org.ua\www\index.php(13): CApplication->run()
#3 {main}
REQUEST_URI=/favicon.ico
---
2013/03/17 21:49:36 [error] [exception.CHttpException.404] exception 'CHttpException' with message 'Unable to resolve the request "favicon.ico".' in Z:\home\dictionary.org.ua\www\framework\web\CWebApplication.php:286
Stack trace:
#0 Z:\home\dictionary.org.ua\www\framework\web\CWebApplication.php(141): CWebApplication->runController('favicon.ico')
#1 Z:\home\dictionary.org.ua\www\framework\base\CApplication.php(169): CWebApplication->processRequest()
#2 Z:\home\dictionary.org.ua\www\index.php(13): CApplication->run()
#3 {main}
REQUEST_URI=/favicon.ico
---
2013/03/17 21:49:40 [error] [exception.CHttpException.404] exception 'CHttpException' with message 'Unable to resolve the request "favicon.ico".' in Z:\home\dictionary.org.ua\www\framework\web\CWebApplication.php:286
Stack trace:
#0 Z:\home\dictionary.org.ua\www\framework\web\CWebApplication.php(141): CWebApplication->runController('favicon.ico')
#1 Z:\home\dictionary.org.ua\www\framework\base\CApplication.php(169): CWebApplication->processRequest()
#2 Z:\home\dictionary.org.ua\www\index.php(13): CApplication->run()
#3 {main}
REQUEST_URI=/favicon.ico
---
2013/03/17 21:49:45 [error] [exception.CHttpException.404] exception 'CHttpException' with message 'Unable to resolve the request "favicon.ico".' in Z:\home\dictionary.org.ua\www\framework\web\CWebApplication.php:286
Stack trace:
#0 Z:\home\dictionary.org.ua\www\framework\web\CWebApplication.php(141): CWebApplication->runController('favicon.ico')
#1 Z:\home\dictionary.org.ua\www\framework\base\CApplication.php(169): CWebApplication->processRequest()
#2 Z:\home\dictionary.org.ua\www\index.php(13): CApplication->run()
#3 {main}
REQUEST_URI=/favicon.ico
---
2013/03/17 21:50:02 [error] [exception.CHttpException.404] exception 'CHttpException' with message 'Unable to resolve the request "favicon.ico".' in Z:\home\dictionary.org.ua\www\framework\web\CWebApplication.php:286
Stack trace:
#0 Z:\home\dictionary.org.ua\www\framework\web\CWebApplication.php(141): CWebApplication->runController('favicon.ico')
#1 Z:\home\dictionary.org.ua\www\framework\base\CApplication.php(169): CWebApplication->processRequest()
#2 Z:\home\dictionary.org.ua\www\index.php(13): CApplication->run()
#3 {main}
REQUEST_URI=/favicon.ico
---
2013/03/17 21:50:04 [error] [exception.CHttpException.404] exception 'CHttpException' with message 'Unable to resolve the request "favicon.ico".' in Z:\home\dictionary.org.ua\www\framework\web\CWebApplication.php:286
Stack trace:
#0 Z:\home\dictionary.org.ua\www\framework\web\CWebApplication.php(141): CWebApplication->runController('favicon.ico')
#1 Z:\home\dictionary.org.ua\www\framework\base\CApplication.php(169): CWebApplication->processRequest()
#2 Z:\home\dictionary.org.ua\www\index.php(13): CApplication->run()
#3 {main}
REQUEST_URI=/favicon.ico
---
2013/03/17 21:51:47 [error] [exception.CHttpException.404] exception 'CHttpException' with message 'Unable to resolve the request "favicon.ico".' in Z:\home\dictionary.org.ua\www\framework\web\CWebApplication.php:286
Stack trace:
#0 Z:\home\dictionary.org.ua\www\framework\web\CWebApplication.php(141): CWebApplication->runController('favicon.ico')
#1 Z:\home\dictionary.org.ua\www\framework\base\CApplication.php(169): CWebApplication->processRequest()
#2 Z:\home\dictionary.org.ua\www\index.php(13): CApplication->run()
#3 {main}
REQUEST_URI=/favicon.ico
---
2013/03/17 21:51:50 [error] [exception.CException] exception 'CException' with message 'Property "CActiveForm.class" is not defined.' in Z:\home\dictionary.org.ua\www\framework\base\CComponent.php:173
Stack trace:
#0 Z:\home\dictionary.org.ua\www\framework\web\CWidgetFactory.php(161): CComponent->__set('class', 'form-horizontal...')
#1 Z:\home\dictionary.org.ua\www\framework\web\CBaseController.php(146): CWidgetFactory->createWidget(Object(DictionariesController), 'CActiveForm', Array)
#2 Z:\home\dictionary.org.ua\www\framework\web\CBaseController.php(189): CBaseController->createWidget('CActiveForm', Array)
#3 Z:\home\dictionary.org.ua\www\protected\views\dictionaries\_form.php(13): CBaseController->beginWidget('CActiveForm', Array)
#4 Z:\home\dictionary.org.ua\www\framework\web\CBaseController.php(126): require('Z:\home\diction...')
#5 Z:\home\dictionary.org.ua\www\framework\web\CBaseController.php(95): CBaseController->renderInternal('Z:\home\diction...', Array, true)
#6 Z:\home\dictionary.org.ua\www\framework\web\CController.php(869): CBaseController->renderFile('Z:\home\diction...', Array, true)
#7 Z:\home\dictionary.org.ua\www\protected\views\dictionaries\create.php(18): CController->renderPartial('_form', Array)
#8 Z:\home\dictionary.org.ua\www\framework\web\CBaseController.php(126): require('Z:\home\diction...')
#9 Z:\home\dictionary.org.ua\www\framework\web\CBaseController.php(95): CBaseController->renderInternal('Z:\home\diction...', Array, true)
#10 Z:\home\dictionary.org.ua\www\framework\web\CController.php(869): CBaseController->renderFile('Z:\home\diction...', Array, true)
#11 Z:\home\dictionary.org.ua\www\framework\web\CController.php(782): CController->renderPartial('create', Array, true)
#12 Z:\home\dictionary.org.ua\www\protected\controllers\DictionariesController.php(79): CController->render('create', Array)
#13 Z:\home\dictionary.org.ua\www\framework\web\actions\CInlineAction.php(49): DictionariesController->actionCreate()
#14 Z:\home\dictionary.org.ua\www\framework\web\CController.php(308): CInlineAction->runWithParams(Array)
#15 Z:\home\dictionary.org.ua\www\framework\web\filters\CFilterChain.php(133): CController->runAction(Object(CInlineAction))
#16 Z:\home\dictionary.org.ua\www\framework\web\filters\CFilter.php(40): CFilterChain->run()
#17 Z:\home\dictionary.org.ua\www\framework\web\CController.php(1145): CFilter->filter(Object(CFilterChain))
#18 Z:\home\dictionary.org.ua\www\framework\web\filters\CInlineFilter.php(58): CController->filterAccessControl(Object(CFilterChain))
#19 Z:\home\dictionary.org.ua\www\framework\web\filters\CFilterChain.php(130): CInlineFilter->filter(Object(CFilterChain))
#20 Z:\home\dictionary.org.ua\www\framework\web\CController.php(291): CFilterChain->run()
#21 Z:\home\dictionary.org.ua\www\framework\web\CController.php(265): CController->runActionWithFilters(Object(CInlineAction), Array)
#22 Z:\home\dictionary.org.ua\www\framework\web\CWebApplication.php(282): CController->run('create')
#23 Z:\home\dictionary.org.ua\www\framework\web\CWebApplication.php(141): CWebApplication->runController('dictionaries/cr...')
#24 Z:\home\dictionary.org.ua\www\framework\base\CApplication.php(169): CWebApplication->processRequest()
#25 Z:\home\dictionary.org.ua\www\index.php(13): CApplication->run()
#26 {main}
REQUEST_URI=/dictionaries/create
HTTP_REFERER=http://dictionary.org.ua/dictionaries/index
---
2013/03/17 21:51:51 [error] [exception.CHttpException.404] exception 'CHttpException' with message 'Unable to resolve the request "favicon.ico".' in Z:\home\dictionary.org.ua\www\framework\web\CWebApplication.php:286
Stack trace:
#0 Z:\home\dictionary.org.ua\www\framework\web\CWebApplication.php(141): CWebApplication->runController('favicon.ico')
#1 Z:\home\dictionary.org.ua\www\framework\base\CApplication.php(169): CWebApplication->processRequest()
#2 Z:\home\dictionary.org.ua\www\index.php(13): CApplication->run()
#3 {main}
REQUEST_URI=/favicon.ico
---
2013/03/17 21:53:15 [error] [exception.CHttpException.404] exception 'CHttpException' with message 'Unable to resolve the request "favicon.ico".' in Z:\home\dictionary.org.ua\www\framework\web\CWebApplication.php:286
Stack trace:
#0 Z:\home\dictionary.org.ua\www\framework\web\CWebApplication.php(141): CWebApplication->runController('favicon.ico')
#1 Z:\home\dictionary.org.ua\www\framework\base\CApplication.php(169): CWebApplication->processRequest()
#2 Z:\home\dictionary.org.ua\www\index.php(13): CApplication->run()
#3 {main}
REQUEST_URI=/favicon.ico
---
2013/03/17 21:54:27 [error] [exception.CHttpException.404] exception 'CHttpException' with message 'Unable to resolve the request "favicon.ico".' in Z:\home\dictionary.org.ua\www\framework\web\CWebApplication.php:286
Stack trace:
#0 Z:\home\dictionary.org.ua\www\framework\web\CWebApplication.php(141): CWebApplication->runController('favicon.ico')
#1 Z:\home\dictionary.org.ua\www\framework\base\CApplication.php(169): CWebApplication->processRequest()
#2 Z:\home\dictionary.org.ua\www\index.php(13): CApplication->run()
#3 {main}
REQUEST_URI=/favicon.ico
---
2013/03/17 21:54:31 [error] [exception.CHttpException.404] exception 'CHttpException' with message 'Unable to resolve the request "favicon.ico".' in Z:\home\dictionary.org.ua\www\framework\web\CWebApplication.php:286
Stack trace:
#0 Z:\home\dictionary.org.ua\www\framework\web\CWebApplication.php(141): CWebApplication->runController('favicon.ico')
#1 Z:\home\dictionary.org.ua\www\framework\base\CApplication.php(169): CWebApplication->processRequest()
#2 Z:\home\dictionary.org.ua\www\index.php(13): CApplication->run()
#3 {main}
REQUEST_URI=/favicon.ico
---
2013/03/17 21:54:39 [error] [exception.CHttpException.404] exception 'CHttpException' with message 'Unable to resolve the request "favicon.ico".' in Z:\home\dictionary.org.ua\www\framework\web\CWebApplication.php:286
Stack trace:
#0 Z:\home\dictionary.org.ua\www\framework\web\CWebApplication.php(141): CWebApplication->runController('favicon.ico')
#1 Z:\home\dictionary.org.ua\www\framework\base\CApplication.php(169): CWebApplication->processRequest()
#2 Z:\home\dictionary.org.ua\www\index.php(13): CApplication->run()
#3 {main}
REQUEST_URI=/favicon.ico
---
2013/03/17 21:55:23 [error] [exception.CHttpException.404] exception 'CHttpException' with message 'Unable to resolve the request "favicon.ico".' in Z:\home\dictionary.org.ua\www\framework\web\CWebApplication.php:286
Stack trace:
#0 Z:\home\dictionary.org.ua\www\framework\web\CWebApplication.php(141): CWebApplication->runController('favicon.ico')
#1 Z:\home\dictionary.org.ua\www\framework\base\CApplication.php(169): CWebApplication->processRequest()
#2 Z:\home\dictionary.org.ua\www\index.php(13): CApplication->run()
#3 {main}
REQUEST_URI=/favicon.ico
---
2013/03/17 21:55:27 [error] [exception.CHttpException.404] exception 'CHttpException' with message 'Unable to resolve the request "favicon.ico".' in Z:\home\dictionary.org.ua\www\framework\web\CWebApplication.php:286
Stack trace:
#0 Z:\home\dictionary.org.ua\www\framework\web\CWebApplication.php(141): CWebApplication->runController('favicon.ico')
#1 Z:\home\dictionary.org.ua\www\framework\base\CApplication.php(169): CWebApplication->processRequest()
#2 Z:\home\dictionary.org.ua\www\index.php(13): CApplication->run()
#3 {main}
REQUEST_URI=/favicon.ico
---
2013/03/17 21:57:38 [error] [exception.CHttpException.404] exception 'CHttpException' with message 'Unable to resolve the request "favicon.ico".' in Z:\home\dictionary.org.ua\www\framework\web\CWebApplication.php:286
Stack trace:
#0 Z:\home\dictionary.org.ua\www\framework\web\CWebApplication.php(141): CWebApplication->runController('favicon.ico')
#1 Z:\home\dictionary.org.ua\www\framework\base\CApplication.php(169): CWebApplication->processRequest()
#2 Z:\home\dictionary.org.ua\www\index.php(13): CApplication->run()
#3 {main}
REQUEST_URI=/favicon.ico
---
2013/03/17 21:57:52 [error] [exception.CHttpException.404] exception 'CHttpException' with message 'Unable to resolve the request "favicon.ico".' in Z:\home\dictionary.org.ua\www\framework\web\CWebApplication.php:286
Stack trace:
#0 Z:\home\dictionary.org.ua\www\framework\web\CWebApplication.php(141): CWebApplication->runController('favicon.ico')
#1 Z:\home\dictionary.org.ua\www\framework\base\CApplication.php(169): CWebApplication->processRequest()
#2 Z:\home\dictionary.org.ua\www\index.php(13): CApplication->run()
#3 {main}
REQUEST_URI=/favicon.ico
---
2013/03/17 21:58:04 [error] [exception.CHttpException.404] exception 'CHttpException' with message 'Unable to resolve the request "favicon.ico".' in Z:\home\dictionary.org.ua\www\framework\web\CWebApplication.php:286
Stack trace:
#0 Z:\home\dictionary.org.ua\www\framework\web\CWebApplication.php(141): CWebApplication->runController('favicon.ico')
#1 Z:\home\dictionary.org.ua\www\framework\base\CApplication.php(169): CWebApplication->processRequest()
#2 Z:\home\dictionary.org.ua\www\index.php(13): CApplication->run()
#3 {main}
REQUEST_URI=/favicon.ico
---
2013/03/17 21:58:10 [error] [exception.CHttpException.404] exception 'CHttpException' with message 'Unable to resolve the request "favicon.ico".' in Z:\home\dictionary.org.ua\www\framework\web\CWebApplication.php:286
Stack trace:
#0 Z:\home\dictionary.org.ua\www\framework\web\CWebApplication.php(141): CWebApplication->runController('favicon.ico')
#1 Z:\home\dictionary.org.ua\www\framework\base\CApplication.php(169): CWebApplication->processRequest()
#2 Z:\home\dictionary.org.ua\www\index.php(13): CApplication->run()
#3 {main}
REQUEST_URI=/favicon.ico
---
2013/03/17 21:59:40 [error] [exception.CHttpException.404] exception 'CHttpException' with message 'Unable to resolve the request "favicon.ico".' in Z:\home\dictionary.org.ua\www\framework\web\CWebApplication.php:286
Stack trace:
#0 Z:\home\dictionary.org.ua\www\framework\web\CWebApplication.php(141): CWebApplication->runController('favicon.ico')
#1 Z:\home\dictionary.org.ua\www\framework\base\CApplication.php(169): CWebApplication->processRequest()
#2 Z:\home\dictionary.org.ua\www\index.php(13): CApplication->run()
#3 {main}
REQUEST_URI=/favicon.ico
---
2013/03/17 22:02:14 [error] [exception.CHttpException.404] exception 'CHttpException' with message 'Unable to resolve the request "favicon.ico".' in Z:\home\dictionary.org.ua\www\framework\web\CWebApplication.php:286
Stack trace:
#0 Z:\home\dictionary.org.ua\www\framework\web\CWebApplication.php(141): CWebApplication->runController('favicon.ico')
#1 Z:\home\dictionary.org.ua\www\framework\base\CApplication.php(169): CWebApplication->processRequest()
#2 Z:\home\dictionary.org.ua\www\index.php(13): CApplication->run()
#3 {main}
REQUEST_URI=/favicon.ico
---
2013/03/17 22:02:17 [error] [exception.CHttpException.404] exception 'CHttpException' with message 'Unable to resolve the request "favicon.ico".' in Z:\home\dictionary.org.ua\www\framework\web\CWebApplication.php:286
Stack trace:
#0 Z:\home\dictionary.org.ua\www\framework\web\CWebApplication.php(141): CWebApplication->runController('favicon.ico')
#1 Z:\home\dictionary.org.ua\www\framework\base\CApplication.php(169): CWebApplication->processRequest()
#2 Z:\home\dictionary.org.ua\www\index.php(13): CApplication->run()
#3 {main}
REQUEST_URI=/favicon.ico
---
2013/03/17 22:02:20 [error] [exception.CHttpException.404] exception 'CHttpException' with message 'Unable to resolve the request "favicon.ico".' in Z:\home\dictionary.org.ua\www\framework\web\CWebApplication.php:286
Stack trace:
#0 Z:\home\dictionary.org.ua\www\framework\web\CWebApplication.php(141): CWebApplication->runController('favicon.ico')
#1 Z:\home\dictionary.org.ua\www\framework\base\CApplication.php(169): CWebApplication->processRequest()
#2 Z:\home\dictionary.org.ua\www\index.php(13): CApplication->run()
#3 {main}
REQUEST_URI=/favicon.ico
---
2013/03/17 22:02:24 [error] [exception.CHttpException.404] exception 'CHttpException' with message 'Unable to resolve the request "favicon.ico".' in Z:\home\dictionary.org.ua\www\framework\web\CWebApplication.php:286
Stack trace:
#0 Z:\home\dictionary.org.ua\www\framework\web\CWebApplication.php(141): CWebApplication->runController('favicon.ico')
#1 Z:\home\dictionary.org.ua\www\framework\base\CApplication.php(169): CWebApplication->processRequest()
#2 Z:\home\dictionary.org.ua\www\index.php(13): CApplication->run()
#3 {main}
REQUEST_URI=/favicon.ico
---
2013/03/17 22:02:58 [error] [exception.CHttpException.404] exception 'CHttpException' with message 'Unable to resolve the request "favicon.ico".' in Z:\home\dictionary.org.ua\www\framework\web\CWebApplication.php:286
Stack trace:
#0 Z:\home\dictionary.org.ua\www\framework\web\CWebApplication.php(141): CWebApplication->runController('favicon.ico')
#1 Z:\home\dictionary.org.ua\www\framework\base\CApplication.php(169): CWebApplication->processRequest()
#2 Z:\home\dictionary.org.ua\www\index.php(13): CApplication->run()
#3 {main}
REQUEST_URI=/favicon.ico
---
2013/03/17 22:03:37 [error] [exception.CHttpException.404] exception 'CHttpException' with message 'Unable to resolve the request "favicon.ico".' in Z:\home\dictionary.org.ua\www\framework\web\CWebApplication.php:286
Stack trace:
#0 Z:\home\dictionary.org.ua\www\framework\web\CWebApplication.php(141): CWebApplication->runController('favicon.ico')
#1 Z:\home\dictionary.org.ua\www\framework\base\CApplication.php(169): CWebApplication->processRequest()
#2 Z:\home\dictionary.org.ua\www\index.php(13): CApplication->run()
#3 {main}
REQUEST_URI=/favicon.ico
---
2013/03/17 22:04:22 [error] [exception.CHttpException.404] exception 'CHttpException' with message 'Unable to resolve the request "favicon.ico".' in Z:\home\dictionary.org.ua\www\framework\web\CWebApplication.php:286
Stack trace:
#0 Z:\home\dictionary.org.ua\www\framework\web\CWebApplication.php(141): CWebApplication->runController('favicon.ico')
#1 Z:\home\dictionary.org.ua\www\framework\base\CApplication.php(169): CWebApplication->processRequest()
#2 Z:\home\dictionary.org.ua\www\index.php(13): CApplication->run()
#3 {main}
REQUEST_URI=/favicon.ico
---
2013/03/17 22:04:54 [error] [exception.CHttpException.404] exception 'CHttpException' with message 'Unable to resolve the request "favicon.ico".' in Z:\home\dictionary.org.ua\www\framework\web\CWebApplication.php:286
Stack trace:
#0 Z:\home\dictionary.org.ua\www\framework\web\CWebApplication.php(141): CWebApplication->runController('favicon.ico')
#1 Z:\home\dictionary.org.ua\www\framework\base\CApplication.php(169): CWebApplication->processRequest()
#2 Z:\home\dictionary.org.ua\www\index.php(13): CApplication->run()
#3 {main}
REQUEST_URI=/favicon.ico
---
2013/03/17 22:05:19 [error] [exception.CHttpException.404] exception 'CHttpException' with message 'Unable to resolve the request "favicon.ico".' in Z:\home\dictionary.org.ua\www\framework\web\CWebApplication.php:286
Stack trace:
#0 Z:\home\dictionary.org.ua\www\framework\web\CWebApplication.php(141): CWebApplication->runController('favicon.ico')
#1 Z:\home\dictionary.org.ua\www\framework\base\CApplication.php(169): CWebApplication->processRequest()
#2 Z:\home\dictionary.org.ua\www\index.php(13): CApplication->run()
#3 {main}
REQUEST_URI=/favicon.ico
---
2013/03/17 22:05:23 [error] [exception.CHttpException.404] exception 'CHttpException' with message 'Unable to resolve the request "favicon.ico".' in Z:\home\dictionary.org.ua\www\framework\web\CWebApplication.php:286
Stack trace:
#0 Z:\home\dictionary.org.ua\www\framework\web\CWebApplication.php(141): CWebApplication->runController('favicon.ico')
#1 Z:\home\dictionary.org.ua\www\framework\base\CApplication.php(169): CWebApplication->processRequest()
#2 Z:\home\dictionary.org.ua\www\index.php(13): CApplication->run()
#3 {main}
REQUEST_URI=/favicon.ico
---
2013/03/17 22:05:26 [error] [exception.CHttpException.404] exception 'CHttpException' with message 'Unable to resolve the request "favicon.ico".' in Z:\home\dictionary.org.ua\www\framework\web\CWebApplication.php:286
Stack trace:
#0 Z:\home\dictionary.org.ua\www\framework\web\CWebApplication.php(141): CWebApplication->runController('favicon.ico')
#1 Z:\home\dictionary.org.ua\www\framework\base\CApplication.php(169): CWebApplication->processRequest()
#2 Z:\home\dictionary.org.ua\www\index.php(13): CApplication->run()
#3 {main}
REQUEST_URI=/favicon.ico
---
2013/03/17 22:05:30 [error] [exception.CHttpException.404] exception 'CHttpException' with message 'Unable to resolve the request "favicon.ico".' in Z:\home\dictionary.org.ua\www\framework\web\CWebApplication.php:286
Stack trace:
#0 Z:\home\dictionary.org.ua\www\framework\web\CWebApplication.php(141): CWebApplication->runController('favicon.ico')
#1 Z:\home\dictionary.org.ua\www\framework\base\CApplication.php(169): CWebApplication->processRequest()
#2 Z:\home\dictionary.org.ua\www\index.php(13): CApplication->run()
#3 {main}
REQUEST_URI=/favicon.ico
---
2013/03/17 22:05:46 [error] [exception.CHttpException.404] exception 'CHttpException' with message 'Unable to resolve the request "favicon.ico".' in Z:\home\dictionary.org.ua\www\framework\web\CWebApplication.php:286
Stack trace:
#0 Z:\home\dictionary.org.ua\www\framework\web\CWebApplication.php(141): CWebApplication->runController('favicon.ico')
#1 Z:\home\dictionary.org.ua\www\framework\base\CApplication.php(169): CWebApplication->processRequest()
#2 Z:\home\dictionary.org.ua\www\index.php(13): CApplication->run()
#3 {main}
REQUEST_URI=/favicon.ico
---
2013/03/17 22:06:41 [error] [exception.CHttpException.404] exception 'CHttpException' with message 'Unable to resolve the request "favicon.ico".' in Z:\home\dictionary.org.ua\www\framework\web\CWebApplication.php:286
Stack trace:
#0 Z:\home\dictionary.org.ua\www\framework\web\CWebApplication.php(141): CWebApplication->runController('favicon.ico')
#1 Z:\home\dictionary.org.ua\www\framework\base\CApplication.php(169): CWebApplication->processRequest()
#2 Z:\home\dictionary.org.ua\www\index.php(13): CApplication->run()
#3 {main}
REQUEST_URI=/favicon.ico
---
2013/03/17 22:06:48 [error] [exception.CHttpException.404] exception 'CHttpException' with message 'Unable to resolve the request "favicon.ico".' in Z:\home\dictionary.org.ua\www\framework\web\CWebApplication.php:286
Stack trace:
#0 Z:\home\dictionary.org.ua\www\framework\web\CWebApplication.php(141): CWebApplication->runController('favicon.ico')
#1 Z:\home\dictionary.org.ua\www\framework\base\CApplication.php(169): CWebApplication->processRequest()
#2 Z:\home\dictionary.org.ua\www\index.php(13): CApplication->run()
#3 {main}
REQUEST_URI=/favicon.ico
---
2013/03/17 22:07:17 [error] [exception.CHttpException.404] exception 'CHttpException' with message 'Unable to resolve the request "favicon.ico".' in Z:\home\dictionary.org.ua\www\framework\web\CWebApplication.php:286
Stack trace:
#0 Z:\home\dictionary.org.ua\www\framework\web\CWebApplication.php(141): CWebApplication->runController('favicon.ico')
#1 Z:\home\dictionary.org.ua\www\framework\base\CApplication.php(169): CWebApplication->processRequest()
#2 Z:\home\dictionary.org.ua\www\index.php(13): CApplication->run()
#3 {main}
REQUEST_URI=/favicon.ico
---
2013/03/17 22:07:56 [error] [exception.CHttpException.404] exception 'CHttpException' with message 'Unable to resolve the request "favicon.ico".' in Z:\home\dictionary.org.ua\www\framework\web\CWebApplication.php:286
Stack trace:
#0 Z:\home\dictionary.org.ua\www\framework\web\CWebApplication.php(141): CWebApplication->runController('favicon.ico')
#1 Z:\home\dictionary.org.ua\www\framework\base\CApplication.php(169): CWebApplication->processRequest()
#2 Z:\home\dictionary.org.ua\www\index.php(13): CApplication->run()
#3 {main}
REQUEST_URI=/favicon.ico
---
2013/03/17 22:08:02 [error] [exception.CHttpException.404] exception 'CHttpException' with message 'Unable to resolve the request "favicon.ico".' in Z:\home\dictionary.org.ua\www\framework\web\CWebApplication.php:286
Stack trace:
#0 Z:\home\dictionary.org.ua\www\framework\web\CWebApplication.php(141): CWebApplication->runController('favicon.ico')
#1 Z:\home\dictionary.org.ua\www\framework\base\CApplication.php(169): CWebApplication->processRequest()
#2 Z:\home\dictionary.org.ua\www\index.php(13): CApplication->run()
#3 {main}
REQUEST_URI=/favicon.ico
---
2013/03/17 22:08:05 [error] [exception.CHttpException.404] exception 'CHttpException' with message 'Unable to resolve the request "favicon.ico".' in Z:\home\dictionary.org.ua\www\framework\web\CWebApplication.php:286
Stack trace:
#0 Z:\home\dictionary.org.ua\www\framework\web\CWebApplication.php(141): CWebApplication->runController('favicon.ico')
#1 Z:\home\dictionary.org.ua\www\framework\base\CApplication.php(169): CWebApplication->processRequest()
#2 Z:\home\dictionary.org.ua\www\index.php(13): CApplication->run()
#3 {main}
REQUEST_URI=/favicon.ico
---
2013/03/17 22:08:10 [error] [exception.CHttpException.404] exception 'CHttpException' with message 'Unable to resolve the request "favicon.ico".' in Z:\home\dictionary.org.ua\www\framework\web\CWebApplication.php:286
Stack trace:
#0 Z:\home\dictionary.org.ua\www\framework\web\CWebApplication.php(141): CWebApplication->runController('favicon.ico')
#1 Z:\home\dictionary.org.ua\www\framework\base\CApplication.php(169): CWebApplication->processRequest()
#2 Z:\home\dictionary.org.ua\www\index.php(13): CApplication->run()
#3 {main}
REQUEST_URI=/favicon.ico
---
2013/03/17 22:08:13 [error] [exception.CHttpException.404] exception 'CHttpException' with message 'Unable to resolve the request "favicon.ico".' in Z:\home\dictionary.org.ua\www\framework\web\CWebApplication.php:286
Stack trace:
#0 Z:\home\dictionary.org.ua\www\framework\web\CWebApplication.php(141): CWebApplication->runController('favicon.ico')
#1 Z:\home\dictionary.org.ua\www\framework\base\CApplication.php(169): CWebApplication->processRequest()
#2 Z:\home\dictionary.org.ua\www\index.php(13): CApplication->run()
#3 {main}
REQUEST_URI=/favicon.ico
---
2013/03/17 22:08:17 [error] [exception.CHttpException.404] exception 'CHttpException' with message 'Unable to resolve the request "favicon.ico".' in Z:\home\dictionary.org.ua\www\framework\web\CWebApplication.php:286
Stack trace:
#0 Z:\home\dictionary.org.ua\www\framework\web\CWebApplication.php(141): CWebApplication->runController('favicon.ico')
#1 Z:\home\dictionary.org.ua\www\framework\base\CApplication.php(169): CWebApplication->processRequest()
#2 Z:\home\dictionary.org.ua\www\index.php(13): CApplication->run()
#3 {main}
REQUEST_URI=/favicon.ico
---
2013/03/17 22:12:02 [error] [exception.CHttpException.404] exception 'CHttpException' with message 'Unable to resolve the request "favicon.ico".' in Z:\home\dictionary.org.ua\www\framework\web\CWebApplication.php:286
Stack trace:
#0 Z:\home\dictionary.org.ua\www\framework\web\CWebApplication.php(141): CWebApplication->runController('favicon.ico')
#1 Z:\home\dictionary.org.ua\www\framework\base\CApplication.php(169): CWebApplication->processRequest()
#2 Z:\home\dictionary.org.ua\www\index.php(13): CApplication->run()
#3 {main}
REQUEST_URI=/favicon.ico
---
2013/03/17 22:13:30 [error] [exception.CHttpException.404] exception 'CHttpException' with message 'Unable to resolve the request "favicon.ico".' in Z:\home\dictionary.org.ua\www\framework\web\CWebApplication.php:286
Stack trace:
#0 Z:\home\dictionary.org.ua\www\framework\web\CWebApplication.php(141): CWebApplication->runController('favicon.ico')
#1 Z:\home\dictionary.org.ua\www\framework\base\CApplication.php(169): CWebApplication->processRequest()
#2 Z:\home\dictionary.org.ua\www\index.php(13): CApplication->run()
#3 {main}
REQUEST_URI=/favicon.ico
---
2013/03/17 22:15:37 [error] [exception.CHttpException.404] exception 'CHttpException' with message 'Unable to resolve the request "favicon.ico".' in Z:\home\dictionary.org.ua\www\framework\web\CWebApplication.php:286
Stack trace:
#0 Z:\home\dictionary.org.ua\www\framework\web\CWebApplication.php(141): CWebApplication->runController('favicon.ico')
#1 Z:\home\dictionary.org.ua\www\framework\base\CApplication.php(169): CWebApplication->processRequest()
#2 Z:\home\dictionary.org.ua\www\index.php(13): CApplication->run()
#3 {main}
REQUEST_URI=/favicon.ico
---
2013/03/17 22:16:03 [error] [exception.CHttpException.404] exception 'CHttpException' with message 'Unable to resolve the request "favicon.ico".' in Z:\home\dictionary.org.ua\www\framework\web\CWebApplication.php:286
Stack trace:
#0 Z:\home\dictionary.org.ua\www\framework\web\CWebApplication.php(141): CWebApplication->runController('favicon.ico')
#1 Z:\home\dictionary.org.ua\www\framework\base\CApplication.php(169): CWebApplication->processRequest()
#2 Z:\home\dictionary.org.ua\www\index.php(13): CApplication->run()
#3 {main}
REQUEST_URI=/favicon.ico
---
2013/03/17 22:42:12 [error] [exception.CHttpException.404] exception 'CHttpException' with message 'Unable to resolve the request "favicon.ico".' in Z:\home\dictionary.org.ua\www\framework\web\CWebApplication.php:286
Stack trace:
#0 Z:\home\dictionary.org.ua\www\framework\web\CWebApplication.php(141): CWebApplication->runController('favicon.ico')
#1 Z:\home\dictionary.org.ua\www\framework\base\CApplication.php(169): CWebApplication->processRequest()
#2 Z:\home\dictionary.org.ua\www\index.php(13): CApplication->run()
#3 {main}
REQUEST_URI=/favicon.ico
---
2013/03/17 22:42:14 [error] [exception.CHttpException.404] exception 'CHttpException' with message 'Unable to resolve the request "favicon.ico".' in Z:\home\dictionary.org.ua\www\framework\web\CWebApplication.php:286
Stack trace:
#0 Z:\home\dictionary.org.ua\www\framework\web\CWebApplication.php(141): CWebApplication->runController('favicon.ico')
#1 Z:\home\dictionary.org.ua\www\framework\base\CApplication.php(169): CWebApplication->processRequest()
#2 Z:\home\dictionary.org.ua\www\index.php(13): CApplication->run()
#3 {main}
REQUEST_URI=/favicon.ico
---
2013/03/17 22:42:18 [error] [exception.CHttpException.404] exception 'CHttpException' with message 'Unable to resolve the request "favicon.ico".' in Z:\home\dictionary.org.ua\www\framework\web\CWebApplication.php:286
Stack trace:
#0 Z:\home\dictionary.org.ua\www\framework\web\CWebApplication.php(141): CWebApplication->runController('favicon.ico')
#1 Z:\home\dictionary.org.ua\www\framework\base\CApplication.php(169): CWebApplication->processRequest()
#2 Z:\home\dictionary.org.ua\www\index.php(13): CApplication->run()
#3 {main}
REQUEST_URI=/favicon.ico
---
2013/03/17 22:42:24 [error] [exception.CHttpException.404] exception 'CHttpException' with message 'Unable to resolve the request "favicon.ico".' in Z:\home\dictionary.org.ua\www\framework\web\CWebApplication.php:286
Stack trace:
#0 Z:\home\dictionary.org.ua\www\framework\web\CWebApplication.php(141): CWebApplication->runController('favicon.ico')
#1 Z:\home\dictionary.org.ua\www\framework\base\CApplication.php(169): CWebApplication->processRequest()
#2 Z:\home\dictionary.org.ua\www\index.php(13): CApplication->run()
#3 {main}
REQUEST_URI=/favicon.ico
---
2013/03/17 22:42:31 [error] [exception.CHttpException.404] exception 'CHttpException' with message 'Unable to resolve the request "favicon.ico".' in Z:\home\dictionary.org.ua\www\framework\web\CWebApplication.php:286
Stack trace:
#0 Z:\home\dictionary.org.ua\www\framework\web\CWebApplication.php(141): CWebApplication->runController('favicon.ico')
#1 Z:\home\dictionary.org.ua\www\framework\base\CApplication.php(169): CWebApplication->processRequest()
#2 Z:\home\dictionary.org.ua\www\index.php(13): CApplication->run()
#3 {main}
REQUEST_URI=/favicon.ico
---
2013/03/17 22:42:39 [error] [exception.CHttpException.404] exception 'CHttpException' with message 'Unable to resolve the request "favicon.ico".' in Z:\home\dictionary.org.ua\www\framework\web\CWebApplication.php:286
Stack trace:
#0 Z:\home\dictionary.org.ua\www\framework\web\CWebApplication.php(141): CWebApplication->runController('favicon.ico')
#1 Z:\home\dictionary.org.ua\www\framework\base\CApplication.php(169): CWebApplication->processRequest()
#2 Z:\home\dictionary.org.ua\www\index.php(13): CApplication->run()
#3 {main}
REQUEST_URI=/favicon.ico
---
2013/03/17 22:42:42 [error] [exception.CHttpException.404] exception 'CHttpException' with message 'Unable to resolve the request "favicon.ico".' in Z:\home\dictionary.org.ua\www\framework\web\CWebApplication.php:286
Stack trace:
#0 Z:\home\dictionary.org.ua\www\framework\web\CWebApplication.php(141): CWebApplication->runController('favicon.ico')
#1 Z:\home\dictionary.org.ua\www\framework\base\CApplication.php(169): CWebApplication->processRequest()
#2 Z:\home\dictionary.org.ua\www\index.php(13): CApplication->run()
#3 {main}
REQUEST_URI=/favicon.ico
---
2013/03/17 22:42:54 [error] [exception.CHttpException.404] exception 'CHttpException' with message 'Unable to resolve the request "favicon.ico".' in Z:\home\dictionary.org.ua\www\framework\web\CWebApplication.php:286
Stack trace:
#0 Z:\home\dictionary.org.ua\www\framework\web\CWebApplication.php(141): CWebApplication->runController('favicon.ico')
#1 Z:\home\dictionary.org.ua\www\framework\base\CApplication.php(169): CWebApplication->processRequest()
#2 Z:\home\dictionary.org.ua\www\index.php(13): CApplication->run()
#3 {main}
REQUEST_URI=/favicon.ico
---
